Using pre-set license
Built from '2021.3/staging' branch; Version is '2021.3.23f1 (213b516bf396) revision 2177873'; Using compiler version '192829333'; Build Type 'Release'
OS: 'Windows 10  (10.0.19045) 64bit Professional' Language: 'ru' Physical Memory: 32693 MB
BatchMode: 1, IsHumanControllingUs: 0, StartBugReporterOnCrash: 0, Is64bit: 1, IsPro: 1

COMMAND LINE ARGUMENTS:
C:\Program Files\Unity\Hub\Editor\2021.3.23f1\Editor\Unity.exe
-adb2
-batchMode
-noUpm
-name
AssetImportWorker11
-projectPath
C:/Users/notob/Documents/GitHub/SoloGame/Platformer
-logFile
Logs/AssetImportWorker11.log
-srvPort
50784
Successfully changed project path to: C:/Users/notob/Documents/GitHub/SoloGame/Platformer
C:/Users/notob/Documents/GitHub/SoloGame/Platformer
[UnityMemory] Configuration Parameters - Can be set up in boot.config
    "memorysetup-bucket-allocator-granularity=16"
    "memorysetup-bucket-allocator-bucket-count=8"
    "memorysetup-bucket-allocator-block-size=33554432"
    "memorysetup-bucket-allocator-block-count=8"
    "memorysetup-main-allocator-block-size=16777216"
    "memorysetup-thread-allocator-block-size=16777216"
    "memorysetup-gfx-main-allocator-block-size=16777216"
    "memorysetup-gfx-thread-allocator-block-size=16777216"
    "memorysetup-cache-allocator-block-size=4194304"
    "memorysetup-typetree-allocator-block-size=2097152"
    "memorysetup-profiler-bucket-allocator-granularity=16"
    "memorysetup-profiler-bucket-allocator-bucket-count=8"
    "memorysetup-profiler-bucket-allocator-block-size=33554432"
    "memorysetup-profiler-bucket-allocator-block-count=8"
    "memorysetup-profiler-allocator-block-size=16777216"
    "memorysetup-profiler-editor-allocator-block-size=1048576"
    "memorysetup-temp-allocator-size-main=16777216"
    "memorysetup-job-temp-allocator-block-size=2097152"
    "memorysetup-job-temp-allocator-block-size-background=1048576"
    "memorysetup-job-temp-allocator-reduction-small-platforms=262144"
    "memorysetup-temp-allocator-size-background-worker=32768"
    "memorysetup-temp-allocator-size-job-worker=262144"
    "memorysetup-temp-allocator-size-preload-manager=33554432"
    "memorysetup-temp-allocator-size-nav-mesh-worker=65536"
    "memorysetup-temp-allocator-size-audio-worker=65536"
    "memorysetup-temp-allocator-size-cloud-worker=32768"
    "memorysetup-temp-allocator-size-gi-baking-worker=262144"
    "memorysetup-temp-allocator-size-gfx=262144"
Player connection [29980] Host "[IP] 192.168.0.111 [Port] 0 [Flags] 2 [Guid] 2380724052 [EditorId] 2380724052 [Version] 1048832 [Id] WindowsEditor(7,DESKTOP-4LDGE9F) [Debug] 1 [PackageName] WindowsEditor [ProjectName] Editor" joined multi-casting on [225.0.0.222:54997]...

Player connection [29980] Host "[IP] 192.168.0.111 [Port] 0 [Flags] 2 [Guid] 2380724052 [EditorId] 2380724052 [Version] 1048832 [Id] WindowsEditor(7,DESKTOP-4LDGE9F) [Debug] 1 [PackageName] WindowsEditor [ProjectName] Editor" joined alternative multi-casting on [225.0.0.222:34997]...

Refreshing native plugins compatible for Editor in 89.76 ms, found 4 plugins.
Preloading 0 native plugins for Editor in 0.00 ms.
Initialize engine version: 2021.3.23f1 (213b516bf396)
[Subsystems] Discovering subsystems at path C:/Program Files/Unity/Hub/Editor/2021.3.23f1/Editor/Data/Resources/UnitySubsystems
[Subsystems] Discovering subsystems at path C:/Users/notob/Documents/GitHub/SoloGame/Platformer/Assets
GfxDevice: creating device client; threaded=0; jobified=0
Direct3D:
    Version:  Direct3D 11.0 [level 11.1]
    Renderer: NVIDIA GeForce RTX 3050 (ID=0x2507)
    Vendor:   NVIDIA
    VRAM:     8056 MB
    Driver:   31.0.15.3623
Initialize mono
Mono path[0] = 'C:/Program Files/Unity/Hub/Editor/2021.3.23f1/Editor/Data/Managed'
Mono path[1] = 'C:/Program Files/Unity/Hub/Editor/2021.3.23f1/Editor/Data/MonoBleedingEdge/lib/mono/unityjit-win32'
Mono config path = 'C:/Program Files/Unity/Hub/Editor/2021.3.23f1/Editor/Data/MonoBleedingEdge/etc'
Using monoOptions --debugger-agent=transport=dt_socket,embedding=1,server=y,suspend=n,address=127.0.0.1:56556
Begin MonoManager ReloadAssembly
Registering precompiled unity dll's ...
Register platform support module: C:/Program Files/Unity/Hub/Editor/2021.3.23f1/Editor/Data/PlaybackEngines/WebGLSupport/UnityEditor.WebGL.Extensions.dll
Register platform support module: C:/Program Files/Unity/Hub/Editor/2021.3.23f1/Editor/Data/PlaybackEngines/WindowsStandaloneSupport/UnityEditor.WindowsStandalone.Extensions.dll
Registered in 0.033209 seconds.
Native extension for WindowsStandalone target not found
Native extension for WebGL target not found
Refreshing native plugins compatible for Editor in 74.75 ms, found 4 plugins.
Preloading 0 native plugins for Editor in 0.00 ms.
Mono: successfully reloaded assembly
- Completed reload, in  0.697 seconds
Domain Reload Profiling:
	ReloadAssembly (697ms)
		BeginReloadAssembly (148ms)
			ExecutionOrderSort (0ms)
			DisableScriptedObjects (0ms)
			BackupInstance (0ms)
			ReleaseScriptingObjects (0ms)
			CreateAndSetChildDomain (1ms)
		EndReloadAssembly (411ms)
			LoadAssemblies (135ms)
			RebuildTransferFunctionScriptingTraits (0ms)
			SetupTypeCache (85ms)
			ReleaseScriptCaches (0ms)
			RebuildScriptCaches (20ms)
			SetupLoadedEditorAssemblies (245ms)
				LogAssemblyErrors (0ms)
				InitializePlatformSupportModulesInManaged (14ms)
				SetLoadedEditorAssemblies (0ms)
				RefreshPlugins (75ms)
				BeforeProcessingInitializeOnLoad (1ms)
				ProcessInitializeOnLoadAttributes (119ms)
				ProcessInitializeOnLoadMethodAttributes (36ms)
				AfterProcessingInitializeOnLoad (0ms)
				EditorAssembliesLoaded (0ms)
			ExecutionOrderSort2 (0ms)
			AwakeInstancesAfterBackupRestoration (0ms)
Platform modules already initialized, skipping
Registering precompiled user dll's ...
Registered in 0.017507 seconds.
Begin MonoManager ReloadAssembly
Symbol file LoadedFromMemory doesn't match image C:\Users\notob\Documents\GitHub\SoloGame\Platformer\Library\PackageCache\com.unity.visualscripting@1.8.0\Editor\VisualScripting.Core\Dependencies\YamlDotNet\Unity.VisualScripting.YamlDotNet.dll
Symbol file LoadedFromMemory doesn't match image C:\Users\notob\Documents\GitHub\SoloGame\Platformer\Library\PackageCache\com.unity.visualscripting@1.8.0\Editor\VisualScripting.Core\Dependencies\DotNetZip\Unity.VisualScripting.IonicZip.dll
Native extension for WindowsStandalone target not found
Native extension for WebGL target not found
Refreshing native plugins compatible for Editor in 71.29 ms, found 4 plugins.
Preloading 0 native plugins for Editor in 0.00 ms.
Mono: successfully reloaded assembly
- Completed reload, in  1.196 seconds
Domain Reload Profiling:
	ReloadAssembly (1197ms)
		BeginReloadAssembly (183ms)
			ExecutionOrderSort (0ms)
			DisableScriptedObjects (5ms)
			BackupInstance (0ms)
			ReleaseScriptingObjects (0ms)
			CreateAndSetChildDomain (17ms)
		EndReloadAssembly (887ms)
			LoadAssemblies (184ms)
			RebuildTransferFunctionScriptingTraits (0ms)
			SetupTypeCache (182ms)
			ReleaseScriptCaches (0ms)
			RebuildScriptCaches (38ms)
			SetupLoadedEditorAssemblies (498ms)
				LogAssemblyErrors (0ms)
				InitializePlatformSupportModulesInManaged (13ms)
				SetLoadedEditorAssemblies (0ms)
				RefreshPlugins (71ms)
				BeforeProcessingInitializeOnLoad (154ms)
				ProcessInitializeOnLoadAttributes (193ms)
				ProcessInitializeOnLoadMethodAttributes (35ms)
				AfterProcessingInitializeOnLoad (32ms)
				EditorAssembliesLoaded (0ms)
			ExecutionOrderSort2 (0ms)
			AwakeInstancesAfterBackupRestoration (6ms)
Platform modules already initialized, skipping
========================================================================
Worker process is ready to serve import requests
Launched and connected shader compiler UnityShaderCompiler.exe after 0.05 seconds
Refreshing native plugins compatible for Editor in 0.94 ms, found 4 plugins.
Preloading 0 native plugins for Editor in 0.00 ms.
Unloading 3733 Unused Serialized files (Serialized files now loaded: 0)
Unloading 41 unused Assets / (229.4 KB). Loaded Objects now: 4186.
Memory consumption went from 142.7 MB to 142.5 MB.
Total: 2.904400 ms (FindLiveObjects: 0.238600 ms CreateObjectMapping: 0.153400 ms MarkObjects: 2.381100 ms  DeleteObjects: 0.130600 ms)

AssetImportParameters requested are different than current active one (requested -> active):
  custom:video-decoder-ogg-theora: a1e56fd34408186e4bbccfd4996cb3dc -> 
  custom:container-muxer-webm: aa71ff27fc2769a1b78a27578f13a17b -> 
  custom:container-demuxer-webm: 4f35f7cbe854078d1ac9338744f61a02 -> 
  custom:video-encoder-webm-vp8: eb34c28f22e8b96e1ab97ce403110664 -> 
  custom:audio-encoder-webm-vorbis: bf7c407c2cedff20999df2af8eb42d56 -> 
  custom:framework-win-MediaFoundation: 216162199b28c13a410421893ffa2e32 -> 
  custom:container-demuxer-ogg: 62fdf1f143b41e24485cea50d1cbac27 -> 
  custom:video-decoder-webm-vp8: 9c59270c3fd7afecdb556c50c9e8de78 -> 
  custom:audio-decoder-ogg-vorbis: bf7c407c2cedff20999df2af8eb42d56 -> 
========================================================================
Received Import Request.
  Time since last request: 45017.343912 seconds.
  path: Assets/Sprites/Palettes/Blocks.prefab
  artifactKey: Guid(0832170e141839144ac721ba7eddbc33) Importer(815301076,1909f56bfc062723c751e8b465ee728b)
Start importing Assets/Sprites/Palettes/Blocks.prefab using Guid(0832170e141839144ac721ba7eddbc33) Importer(815301076,1909f56bfc062723c751e8b465ee728b)  -> (artifact id: 'b60e9530719fce22450375bf4a4b3ed7') in 0.105586 seconds 
========================================================================
Received Import Request.
  Time since last request: 0.634867 seconds.
  path: Assets/Sprites/Palettes/Materials/Blocks_0.asset
  artifactKey: Guid(0657df5d047ada64fb19cb7d2c34cdee) Importer(815301076,1909f56bfc062723c751e8b465ee728b)
Start importing Assets/Sprites/Palettes/Materials/Blocks_0.asset using Guid(0657df5d047ada64fb19cb7d2c34cdee) Importer(815301076,1909f56bfc062723c751e8b465ee728b)  -> (artifact id: '195bebecae3a9e2ca201cdc78a1424c3') in 0.016175 seconds 
========================================================================
Received Import Request.
  Time since last request: 0.016745 seconds.
  path: Assets/Sprites/Palettes/Materials/Blocks_8.asset
  artifactKey: Guid(7fec33f8ab4b15440a3be795752e546c) Importer(815301076,1909f56bfc062723c751e8b465ee728b)
Start importing Assets/Sprites/Palettes/Materials/Blocks_8.asset using Guid(7fec33f8ab4b15440a3be795752e546c) Importer(815301076,1909f56bfc062723c751e8b465ee728b)  -> (artifact id: 'd42d39b39d51b47d296419a38c69d987') in 0.010159 seconds 
========================================================================
Received Import Request.
  Time since last request: 0.000017 seconds.
  path: Assets/Sprites/Palettes/Materials/Blocks_11.asset
  artifactKey: Guid(8ffc15d3bb521974d9ef18405f2bb5c2) Importer(815301076,1909f56bfc062723c751e8b465ee728b)
Start importing Assets/Sprites/Palettes/Materials/Blocks_11.asset using Guid(8ffc15d3bb521974d9ef18405f2bb5c2) Importer(815301076,1909f56bfc062723c751e8b465ee728b)  -> (artifact id: '48363d057541f9d7b0f06d50cd918a1a') in 0.007262 seconds 
========================================================================
Received Import Request.
  Time since last request: 0.000017 seconds.
  path: Assets/Sprites/Palettes/Materials/Blocks_18.asset
  artifactKey: Guid(9b8b771609f362d4ebf31a7cf4874c5e) Importer(815301076,1909f56bfc062723c751e8b465ee728b)
Start importing Assets/Sprites/Palettes/Materials/Blocks_18.asset using Guid(9b8b771609f362d4ebf31a7cf4874c5e) Importer(815301076,1909f56bfc062723c751e8b465ee728b)  -> (artifact id: '870a0ae70b9079eb58df65051e785b7a') in 0.006877 seconds 
========================================================================
Received Import Request.
  Time since last request: 0.000028 seconds.
  path: Assets/Sprites/Palettes/Materials/Blocks_78.asset
  artifactKey: Guid(c245446a66bf8264d9ccf68ef42e1785) Importer(815301076,1909f56bfc062723c751e8b465ee728b)
Start importing Assets/Sprites/Palettes/Materials/Blocks_78.asset using Guid(c245446a66bf8264d9ccf68ef42e1785) Importer(815301076,1909f56bfc062723c751e8b465ee728b)  -> (artifact id: '4881268f7d90d6da5d815dff3dd71e08') in 0.007328 seconds 
========================================================================
Received Import Request.
  Time since last request: 0.000019 seconds.
  path: Assets/Sprites/Palettes/Materials/Blocks_74.asset
  artifactKey: Guid(443ffa8fa09627346a5166cb36a90d87) Importer(815301076,1909f56bfc062723c751e8b465ee728b)
Start importing Assets/Sprites/Palettes/Materials/Blocks_74.asset using Guid(443ffa8fa09627346a5166cb36a90d87) Importer(815301076,1909f56bfc062723c751e8b465ee728b)  -> (artifact id: 'c48c1603d4a6e04fa20916460498e352') in 0.008400 seconds 
========================================================================
Received Import Request.
  Time since last request: 0.000022 seconds.
  path: Assets/Sprites/Palettes/Materials/Blocks_68.asset
  artifactKey: Guid(e99e9bbca457a074f910d65f3b34e0fb) Importer(815301076,1909f56bfc062723c751e8b465ee728b)
Start importing Assets/Sprites/Palettes/Materials/Blocks_68.asset using Guid(e99e9bbca457a074f910d65f3b34e0fb) Importer(815301076,1909f56bfc062723c751e8b465ee728b)  -> (artifact id: 'fa4e3c0c4f735284280cbb10d3223ff8') in 0.014828 seconds 
========================================================================
Received Import Request.
  Time since last request: 0.000017 seconds.
  path: Assets/Sprites/Palettes/Materials/Blocks_64.asset
  artifactKey: Guid(38398d9fe8ec55a4f932f271dbf185db) Importer(815301076,1909f56bfc062723c751e8b465ee728b)
Start importing Assets/Sprites/Palettes/Materials/Blocks_64.asset using Guid(38398d9fe8ec55a4f932f271dbf185db) Importer(815301076,1909f56bfc062723c751e8b465ee728b)  -> (artifact id: 'b121e698979286f6ccf5d2a8f299b37e') in 0.010838 seconds 
========================================================================
Received Import Request.
  Time since last request: 0.000016 seconds.
  path: Assets/Sprites/Palettes/Materials/Blocks_30.asset
  artifactKey: Guid(66f12ce91ad5c5241923ba0ab97a2e06) Importer(815301076,1909f56bfc062723c751e8b465ee728b)
Start importing Assets/Sprites/Palettes/Materials/Blocks_30.asset using Guid(66f12ce91ad5c5241923ba0ab97a2e06) Importer(815301076,1909f56bfc062723c751e8b465ee728b)  -> (artifact id: 'e4cda10938507860e360f496cd4985af') in 0.005729 seconds 
========================================================================
Received Import Request.
  Time since last request: 0.000019 seconds.
  path: Assets/Sprites/Palettes/Materials/Blocks_23.asset
  artifactKey: Guid(4b6968e1a4493ae4fb24abb4014fd287) Importer(815301076,1909f56bfc062723c751e8b465ee728b)
Start importing Assets/Sprites/Palettes/Materials/Blocks_23.asset using Guid(4b6968e1a4493ae4fb24abb4014fd287) Importer(815301076,1909f56bfc062723c751e8b465ee728b)  -> (artifact id: '63358b96538db19c3fd561191b20361d') in 0.009542 seconds 
========================================================================
Received Import Request.
  Time since last request: 0.000013 seconds.
  path: Assets/Sprites/Palettes/Materials/Blocks_20.asset
  artifactKey: Guid(b629b440f86ad2d48bd705a96796f87c) Importer(815301076,1909f56bfc062723c751e8b465ee728b)
Start importing Assets/Sprites/Palettes/Materials/Blocks_20.asset using Guid(b629b440f86ad2d48bd705a96796f87c) Importer(815301076,1909f56bfc062723c751e8b465ee728b)  -> (artifact id: 'bfb4b79acbdc00e4c53c41afb72cfdb8') in 0.010053 seconds 
========================================================================
Received Import Request.
  Time since last request: 0.000014 seconds.
  path: Assets/Sprites/Palettes/Materials/Blocks_75.asset
  artifactKey: Guid(d0ff50f5a20f735438310d087219f173) Importer(815301076,1909f56bfc062723c751e8b465ee728b)
Start importing Assets/Sprites/Palettes/Materials/Blocks_75.asset using Guid(d0ff50f5a20f735438310d087219f173) Importer(815301076,1909f56bfc062723c751e8b465ee728b)  -> (artifact id: '30b99155c6bbd7b1d3ee8a5c192bcdbf') in 0.006171 seconds 
========================================================================
Received Import Request.
  Time since last request: 0.000019 seconds.
  path: Assets/Sprites/Palettes/Materials/Blocks_76.asset
  artifactKey: Guid(7778afc568ff4414cbcb71dcea47b8e9) Importer(815301076,1909f56bfc062723c751e8b465ee728b)
Start importing Assets/Sprites/Palettes/Materials/Blocks_76.asset using Guid(7778afc568ff4414cbcb71dcea47b8e9) Importer(815301076,1909f56bfc062723c751e8b465ee728b)  -> (artifact id: '17e7a92cab8a75410a775e1aeeb828ed') in 0.007563 seconds 
========================================================================
Received Import Request.
  Time since last request: 0.000022 seconds.
  path: Assets/Sprites/Palettes/Materials/Blocks_35.asset
  artifactKey: Guid(1e86fffa135e3294592e4fdac8de2a0f) Importer(815301076,1909f56bfc062723c751e8b465ee728b)
Start importing Assets/Sprites/Palettes/Materials/Blocks_35.asset using Guid(1e86fffa135e3294592e4fdac8de2a0f) Importer(815301076,1909f56bfc062723c751e8b465ee728b)  -> (artifact id: 'ae6be72651b4dacf99cfa537c0407aa1') in 0.005826 seconds 
========================================================================
Received Import Request.
  Time since last request: 0.000017 seconds.
  path: Assets/Sprites/Palettes/Materials/Blocks_57.asset
  artifactKey: Guid(88f089a7fb5337f489e3ac2f712f26f1) Importer(815301076,1909f56bfc062723c751e8b465ee728b)
Start importing Assets/Sprites/Palettes/Materials/Blocks_57.asset using Guid(88f089a7fb5337f489e3ac2f712f26f1) Importer(815301076,1909f56bfc062723c751e8b465ee728b)  -> (artifact id: 'a239ff5071b68de8f0249fc4f100449e') in 0.008994 seconds 
========================================================================
Received Import Request.
  Time since last request: 0.000021 seconds.
  path: Assets/Sprites/Palettes/Materials/Blocks_14.asset
  artifactKey: Guid(310bd2cedf004d84d946092f9d64454b) Importer(815301076,1909f56bfc062723c751e8b465ee728b)
Start importing Assets/Sprites/Palettes/Materials/Blocks_14.asset using Guid(310bd2cedf004d84d946092f9d64454b) Importer(815301076,1909f56bfc062723c751e8b465ee728b)  -> (artifact id: '4fe01e36b60f83a9b2d9d27f9a5560fd') in 0.006202 seconds 
========================================================================
Received Import Request.
  Time since last request: 0.000012 seconds.
  path: Assets/Sprites/Palettes/Materials/Blocks_73.asset
  artifactKey: Guid(af0f420fc8d21bb4abf05aee68e9d311) Importer(815301076,1909f56bfc062723c751e8b465ee728b)
Start importing Assets/Sprites/Palettes/Materials/Blocks_73.asset using Guid(af0f420fc8d21bb4abf05aee68e9d311) Importer(815301076,1909f56bfc062723c751e8b465ee728b)  -> (artifact id: 'd94de0d488fb5bfa52bca56b4aaf7933') in 0.007399 seconds 
========================================================================
Received Import Request.
  Time since last request: 0.000015 seconds.
  path: Assets/Sprites/Palettes/Materials/Blocks_33.asset
  artifactKey: Guid(cabbcb2cf4a25c242ae41846ee583556) Importer(815301076,1909f56bfc062723c751e8b465ee728b)
Start importing Assets/Sprites/Palettes/Materials/Blocks_33.asset using Guid(cabbcb2cf4a25c242ae41846ee583556) Importer(815301076,1909f56bfc062723c751e8b465ee728b)  -> (artifact id: '0f05cfe88dbd8da73809dfb27f8d2bea') in 0.006017 seconds 
========================================================================
Received Import Request.
  Time since last request: 0.000015 seconds.
  path: Assets/Sprites/Palettes/Materials/Blocks_51.asset
  artifactKey: Guid(09b7c39fad437b14da892deca4877afb) Importer(815301076,1909f56bfc062723c751e8b465ee728b)
Start importing Assets/Sprites/Palettes/Materials/Blocks_51.asset using Guid(09b7c39fad437b14da892deca4877afb) Importer(815301076,1909f56bfc062723c751e8b465ee728b)  -> (artifact id: '210e10c8c3d7492831bf288e51608fbf') in 0.009064 seconds 
========================================================================
Received Import Request.
  Time since last request: 0.000014 seconds.
  path: Assets/Sprites/Palettes/Materials/Blocks_46.asset
  artifactKey: Guid(8581dc59b10a49f4abcfeb4aa7b5765b) Importer(815301076,1909f56bfc062723c751e8b465ee728b)
Start importing Assets/Sprites/Palettes/Materials/Blocks_46.asset using Guid(8581dc59b10a49f4abcfeb4aa7b5765b) Importer(815301076,1909f56bfc062723c751e8b465ee728b)  -> (artifact id: 'c3e37e8d9b6d8bb8c1f02808c7abb5d0') in 0.007742 seconds 
========================================================================
Received Import Request.
  Time since last request: 0.000018 seconds.
  path: Assets/Sprites/Palettes/Materials/Blocks_4.asset
  artifactKey: Guid(a5657cfdf45b7314f8053b2705ad9120) Importer(815301076,1909f56bfc062723c751e8b465ee728b)
Start importing Assets/Sprites/Palettes/Materials/Blocks_4.asset using Guid(a5657cfdf45b7314f8053b2705ad9120) Importer(815301076,1909f56bfc062723c751e8b465ee728b)  -> (artifact id: '31eadcc434a5affaa3364d6159f6e26f') in 0.011577 seconds 
========================================================================
Received Import Request.
  Time since last request: 0.000015 seconds.
  path: Assets/Sprites/Palettes/Materials/Blocks_67.asset
  artifactKey: Guid(cf04b6470dad8c44fbf090dd628f1e68) Importer(815301076,1909f56bfc062723c751e8b465ee728b)
Start importing Assets/Sprites/Palettes/Materials/Blocks_67.asset using Guid(cf04b6470dad8c44fbf090dd628f1e68) Importer(815301076,1909f56bfc062723c751e8b465ee728b)  -> (artifact id: '761faac6a41dcdf2558d9a5578af424a') in 0.006091 seconds 
========================================================================
Received Import Request.
  Time since last request: 0.000033 seconds.
  path: Assets/Sprites/Palettes/Materials/Blocks_29.asset
  artifactKey: Guid(0dd5ad99ac2653f40997c563e9b8f8e3) Importer(815301076,1909f56bfc062723c751e8b465ee728b)
Start importing Assets/Sprites/Palettes/Materials/Blocks_29.asset using Guid(0dd5ad99ac2653f40997c563e9b8f8e3) Importer(815301076,1909f56bfc062723c751e8b465ee728b)  -> (artifact id: '95767584addff2ef8681e0eeb38a33a6') in 0.005969 seconds 
Editor requested this worker to shutdown with reason: Scaling down because of idle timeout
AssetImportWorker is now disconnected from the server
Process exiting
Exiting without the bug reporter. Application will terminate with return code 0