Using pre-set license
Built from '2021.3/staging' branch; Version is '2021.3.23f1 (213b516bf396) revision 2177873'; Using compiler version '192829333'; Build Type 'Release'
OS: 'Windows 10  (10.0.19045) 64bit Professional' Language: 'ru' Physical Memory: 32693 MB
BatchMode: 1, IsHumanControllingUs: 0, StartBugReporterOnCrash: 0, Is64bit: 1, IsPro: 1

COMMAND LINE ARGUMENTS:
C:\Program Files\Unity\Hub\Editor\2021.3.23f1\Editor\Unity.exe
-adb2
-batchMode
-noUpm
-name
AssetImportWorker8
-projectPath
C:/Users/notob/Documents/GitHub/SoloGame/Platformer
-logFile
Logs/AssetImportWorker8.log
-srvPort
50784
Successfully changed project path to: C:/Users/notob/Documents/GitHub/SoloGame/Platformer
C:/Users/notob/Documents/GitHub/SoloGame/Platformer
[UnityMemory] Configuration Parameters - Can be set up in boot.config
    "memorysetup-bucket-allocator-granularity=16"
    "memorysetup-bucket-allocator-bucket-count=8"
    "memorysetup-bucket-allocator-block-size=33554432"
    "memorysetup-bucket-allocator-block-count=8"
    "memorysetup-main-allocator-block-size=16777216"
    "memorysetup-thread-allocator-block-size=16777216"
    "memorysetup-gfx-main-allocator-block-size=16777216"
    "memorysetup-gfx-thread-allocator-block-size=16777216"
    "memorysetup-cache-allocator-block-size=4194304"
    "memorysetup-typetree-allocator-block-size=2097152"
    "memorysetup-profiler-bucket-allocator-granularity=16"
    "memorysetup-profiler-bucket-allocator-bucket-count=8"
    "memorysetup-profiler-bucket-allocator-block-size=33554432"
    "memorysetup-profiler-bucket-allocator-block-count=8"
    "memorysetup-profiler-allocator-block-size=16777216"
    "memorysetup-profiler-editor-allocator-block-size=1048576"
    "memorysetup-temp-allocator-size-main=16777216"
    "memorysetup-job-temp-allocator-block-size=2097152"
    "memorysetup-job-temp-allocator-block-size-background=1048576"
    "memorysetup-job-temp-allocator-reduction-small-platforms=262144"
    "memorysetup-temp-allocator-size-background-worker=32768"
    "memorysetup-temp-allocator-size-job-worker=262144"
    "memorysetup-temp-allocator-size-preload-manager=33554432"
    "memorysetup-temp-allocator-size-nav-mesh-worker=65536"
    "memorysetup-temp-allocator-size-audio-worker=65536"
    "memorysetup-temp-allocator-size-cloud-worker=32768"
    "memorysetup-temp-allocator-size-gi-baking-worker=262144"
    "memorysetup-temp-allocator-size-gfx=262144"
Player connection [5536] Host "[IP] 192.168.0.111 [Port] 0 [Flags] 2 [Guid] 1431047942 [EditorId] 1431047942 [Version] 1048832 [Id] WindowsEditor(7,DESKTOP-4LDGE9F) [Debug] 1 [PackageName] WindowsEditor [ProjectName] Editor" joined multi-casting on [225.0.0.222:54997]...

Player connection [5536] Host "[IP] 192.168.0.111 [Port] 0 [Flags] 2 [Guid] 1431047942 [EditorId] 1431047942 [Version] 1048832 [Id] WindowsEditor(7,DESKTOP-4LDGE9F) [Debug] 1 [PackageName] WindowsEditor [ProjectName] Editor" joined alternative multi-casting on [225.0.0.222:34997]...

Refreshing native plugins compatible for Editor in 87.22 ms, found 4 plugins.
Preloading 0 native plugins for Editor in 0.00 ms.
Initialize engine version: 2021.3.23f1 (213b516bf396)
[Subsystems] Discovering subsystems at path C:/Program Files/Unity/Hub/Editor/2021.3.23f1/Editor/Data/Resources/UnitySubsystems
[Subsystems] Discovering subsystems at path C:/Users/notob/Documents/GitHub/SoloGame/Platformer/Assets
GfxDevice: creating device client; threaded=0; jobified=0
Direct3D:
    Version:  Direct3D 11.0 [level 11.1]
    Renderer: NVIDIA GeForce RTX 3050 (ID=0x2507)
    Vendor:   NVIDIA
    VRAM:     8056 MB
    Driver:   31.0.15.3623
Initialize mono
Mono path[0] = 'C:/Program Files/Unity/Hub/Editor/2021.3.23f1/Editor/Data/Managed'
Mono path[1] = 'C:/Program Files/Unity/Hub/Editor/2021.3.23f1/Editor/Data/MonoBleedingEdge/lib/mono/unityjit-win32'
Mono config path = 'C:/Program Files/Unity/Hub/Editor/2021.3.23f1/Editor/Data/MonoBleedingEdge/etc'
Using monoOptions --debugger-agent=transport=dt_socket,embedding=1,server=y,suspend=n,address=127.0.0.1:56756
Begin MonoManager ReloadAssembly
Registering precompiled unity dll's ...
Register platform support module: C:/Program Files/Unity/Hub/Editor/2021.3.23f1/Editor/Data/PlaybackEngines/WebGLSupport/UnityEditor.WebGL.Extensions.dll
Register platform support module: C:/Program Files/Unity/Hub/Editor/2021.3.23f1/Editor/Data/PlaybackEngines/WindowsStandaloneSupport/UnityEditor.WindowsStandalone.Extensions.dll
Registered in 0.029781 seconds.
Native extension for WindowsStandalone target not found
Native extension for WebGL target not found
Refreshing native plugins compatible for Editor in 74.77 ms, found 4 plugins.
Preloading 0 native plugins for Editor in 0.00 ms.
Mono: successfully reloaded assembly
- Completed reload, in  0.711 seconds
Domain Reload Profiling:
	ReloadAssembly (712ms)
		BeginReloadAssembly (163ms)
			ExecutionOrderSort (0ms)
			DisableScriptedObjects (0ms)
			BackupInstance (0ms)
			ReleaseScriptingObjects (0ms)
			CreateAndSetChildDomain (1ms)
		EndReloadAssembly (409ms)
			LoadAssemblies (155ms)
			RebuildTransferFunctionScriptingTraits (0ms)
			SetupTypeCache (84ms)
			ReleaseScriptCaches (0ms)
			RebuildScriptCaches (20ms)
			SetupLoadedEditorAssemblies (242ms)
				LogAssemblyErrors (0ms)
				InitializePlatformSupportModulesInManaged (15ms)
				SetLoadedEditorAssemblies (0ms)
				RefreshPlugins (75ms)
				BeforeProcessingInitializeOnLoad (1ms)
				ProcessInitializeOnLoadAttributes (115ms)
				ProcessInitializeOnLoadMethodAttributes (36ms)
				AfterProcessingInitializeOnLoad (0ms)
				EditorAssembliesLoaded (0ms)
			ExecutionOrderSort2 (0ms)
			AwakeInstancesAfterBackupRestoration (0ms)
Platform modules already initialized, skipping
Registering precompiled user dll's ...
Registered in 0.017317 seconds.
Begin MonoManager ReloadAssembly
Symbol file LoadedFromMemory doesn't match image C:\Users\notob\Documents\GitHub\SoloGame\Platformer\Library\PackageCache\com.unity.visualscripting@1.8.0\Editor\VisualScripting.Core\Dependencies\YamlDotNet\Unity.VisualScripting.YamlDotNet.dll
Symbol file LoadedFromMemory doesn't match image C:\Users\notob\Documents\GitHub\SoloGame\Platformer\Library\PackageCache\com.unity.visualscripting@1.8.0\Editor\VisualScripting.Core\Dependencies\DotNetZip\Unity.VisualScripting.IonicZip.dll
Native extension for WindowsStandalone target not found
Native extension for WebGL target not found
Refreshing native plugins compatible for Editor in 70.86 ms, found 4 plugins.
Preloading 0 native plugins for Editor in 0.00 ms.
Mono: successfully reloaded assembly
- Completed reload, in  1.150 seconds
Domain Reload Profiling:
	ReloadAssembly (1151ms)
		BeginReloadAssembly (176ms)
			ExecutionOrderSort (0ms)
			DisableScriptedObjects (5ms)
			BackupInstance (0ms)
			ReleaseScriptingObjects (0ms)
			CreateAndSetChildDomain (17ms)
		EndReloadAssembly (852ms)
			LoadAssemblies (185ms)
			RebuildTransferFunctionScriptingTraits (0ms)
			SetupTypeCache (174ms)
			ReleaseScriptCaches (0ms)
			RebuildScriptCaches (39ms)
			SetupLoadedEditorAssemblies (468ms)
				LogAssemblyErrors (0ms)
				InitializePlatformSupportModulesInManaged (11ms)
				SetLoadedEditorAssemblies (0ms)
				RefreshPlugins (71ms)
				BeforeProcessingInitializeOnLoad (132ms)
				ProcessInitializeOnLoadAttributes (198ms)
				ProcessInitializeOnLoadMethodAttributes (32ms)
				AfterProcessingInitializeOnLoad (24ms)
				EditorAssembliesLoaded (0ms)
			ExecutionOrderSort2 (0ms)
			AwakeInstancesAfterBackupRestoration (6ms)
Platform modules already initialized, skipping
========================================================================
Worker process is ready to serve import requests
Launched and connected shader compiler UnityShaderCompiler.exe after 0.04 seconds
Refreshing native plugins compatible for Editor in 0.88 ms, found 4 plugins.
Preloading 0 native plugins for Editor in 0.00 ms.
Unloading 3733 Unused Serialized files (Serialized files now loaded: 0)
Unloading 41 unused Assets / (229.4 KB). Loaded Objects now: 4186.
Memory consumption went from 142.7 MB to 142.5 MB.
Total: 3.018600 ms (FindLiveObjects: 0.259000 ms CreateObjectMapping: 0.172600 ms MarkObjects: 2.448100 ms  DeleteObjects: 0.137900 ms)

AssetImportParameters requested are different than current active one (requested -> active):
  custom:video-decoder-ogg-theora: a1e56fd34408186e4bbccfd4996cb3dc -> 
  custom:container-muxer-webm: aa71ff27fc2769a1b78a27578f13a17b -> 
  custom:container-demuxer-webm: 4f35f7cbe854078d1ac9338744f61a02 -> 
  custom:video-encoder-webm-vp8: eb34c28f22e8b96e1ab97ce403110664 -> 
  custom:audio-encoder-webm-vorbis: bf7c407c2cedff20999df2af8eb42d56 -> 
  custom:framework-win-MediaFoundation: 216162199b28c13a410421893ffa2e32 -> 
  custom:container-demuxer-ogg: 62fdf1f143b41e24485cea50d1cbac27 -> 
  custom:video-decoder-webm-vp8: 9c59270c3fd7afecdb556c50c9e8de78 -> 
  custom:audio-decoder-ogg-vorbis: bf7c407c2cedff20999df2af8eb42d56 -> 
========================================================================
Received Import Request.
  Time since last request: 45018.089449 seconds.
  path: Assets/Sprites/Palettes/Materials/Blocks_1.asset
  artifactKey: Guid(64b25eb1bca8d1040a586993c83e402e) Importer(815301076,1909f56bfc062723c751e8b465ee728b)
Start importing Assets/Sprites/Palettes/Materials/Blocks_1.asset using Guid(64b25eb1bca8d1040a586993c83e402e) Importer(815301076,1909f56bfc062723c751e8b465ee728b)  -> (artifact id: '304a271a157a164d290bb173fdaa7e46') in 0.059035 seconds 
========================================================================
Received Import Request.
  Time since last request: 0.000023 seconds.
  path: Assets/Sprites/Palettes/Materials/Blocks_44.asset
  artifactKey: Guid(1278fcb3745a70c4e98978d239646c82) Importer(815301076,1909f56bfc062723c751e8b465ee728b)
Start importing Assets/Sprites/Palettes/Materials/Blocks_44.asset using Guid(1278fcb3745a70c4e98978d239646c82) Importer(815301076,1909f56bfc062723c751e8b465ee728b)  -> (artifact id: '3905c429c588de1444e95576fbf61415') in 0.012342 seconds 
========================================================================
Received Import Request.
  Time since last request: 0.000028 seconds.
  path: Assets/Sprites/Palettes/Materials/Blocks_54.asset
  artifactKey: Guid(aef1a9738bce1054296593b0b461d374) Importer(815301076,1909f56bfc062723c751e8b465ee728b)
Start importing Assets/Sprites/Palettes/Materials/Blocks_54.asset using Guid(aef1a9738bce1054296593b0b461d374) Importer(815301076,1909f56bfc062723c751e8b465ee728b)  -> (artifact id: '1bb42ee1b132f6b5271009c83db8717d') in 0.012065 seconds 
========================================================================
Received Import Request.
  Time since last request: 0.000021 seconds.
  path: Assets/Sprites/Palettes/Materials/Blocks_49.asset
  artifactKey: Guid(5786f1df72a3f6e40980c8b37ae045e9) Importer(815301076,1909f56bfc062723c751e8b465ee728b)
Start importing Assets/Sprites/Palettes/Materials/Blocks_49.asset using Guid(5786f1df72a3f6e40980c8b37ae045e9) Importer(815301076,1909f56bfc062723c751e8b465ee728b)  -> (artifact id: '1ed4a906581d3313c41d5817a2b46534') in 0.006559 seconds 
========================================================================
Received Import Request.
  Time since last request: 0.000027 seconds.
  path: Assets/Sprites/Palettes/Materials/Blocks_61.asset
  artifactKey: Guid(96e48776ff4e4504d97b0fd7fe8dafec) Importer(815301076,1909f56bfc062723c751e8b465ee728b)
Start importing Assets/Sprites/Palettes/Materials/Blocks_61.asset using Guid(96e48776ff4e4504d97b0fd7fe8dafec) Importer(815301076,1909f56bfc062723c751e8b465ee728b)  -> (artifact id: 'b1d7e00a0867315f568425f04246af28') in 0.010686 seconds 
========================================================================
Received Import Request.
  Time since last request: 0.000017 seconds.
  path: Assets/Sprites/Palettes/Materials/Blocks_24.asset
  artifactKey: Guid(2540512d7653cf94094baaaa956da13f) Importer(815301076,1909f56bfc062723c751e8b465ee728b)
Start importing Assets/Sprites/Palettes/Materials/Blocks_24.asset using Guid(2540512d7653cf94094baaaa956da13f) Importer(815301076,1909f56bfc062723c751e8b465ee728b)  -> (artifact id: 'c582f7f37bdcf02f2e41b3fa6f370f3c') in 0.010184 seconds 
========================================================================
Received Import Request.
  Time since last request: 0.000017 seconds.
  path: Assets/Sprites/Palettes/Materials/Blocks_19.asset
  artifactKey: Guid(91f371a16491ae74cbc46120e09d9e50) Importer(815301076,1909f56bfc062723c751e8b465ee728b)
Start importing Assets/Sprites/Palettes/Materials/Blocks_19.asset using Guid(91f371a16491ae74cbc46120e09d9e50) Importer(815301076,1909f56bfc062723c751e8b465ee728b)  -> (artifact id: 'b1ce37cee6f85b3bc9151b8faafb4c4f') in 0.010906 seconds 
========================================================================
Received Import Request.
  Time since last request: 0.000018 seconds.
  path: Assets/Sprites/Palettes/Materials/Blocks_37.asset
  artifactKey: Guid(e43a02c983bea69468dd02bde707c5f9) Importer(815301076,1909f56bfc062723c751e8b465ee728b)
Start importing Assets/Sprites/Palettes/Materials/Blocks_37.asset using Guid(e43a02c983bea69468dd02bde707c5f9) Importer(815301076,1909f56bfc062723c751e8b465ee728b)  -> (artifact id: 'fbbca0a2f0cf9114bd47349e65291553') in 0.009723 seconds 
========================================================================
Received Import Request.
  Time since last request: 0.000017 seconds.
  path: Assets/Sprites/Palettes/Materials/Blocks_6.asset
  artifactKey: Guid(3bba7fcf03d5927448a8d52430529bee) Importer(815301076,1909f56bfc062723c751e8b465ee728b)
Start importing Assets/Sprites/Palettes/Materials/Blocks_6.asset using Guid(3bba7fcf03d5927448a8d52430529bee) Importer(815301076,1909f56bfc062723c751e8b465ee728b)  -> (artifact id: '9d9b33a23ef7022d1f599dd658ddda0a') in 0.010762 seconds 
========================================================================
Received Import Request.
  Time since last request: 0.000019 seconds.
  path: Assets/Sprites/Palettes/Materials/Blocks_69.asset
  artifactKey: Guid(bcb66ee2d77b2fe40ad26606097c6231) Importer(815301076,1909f56bfc062723c751e8b465ee728b)
Start importing Assets/Sprites/Palettes/Materials/Blocks_69.asset using Guid(bcb66ee2d77b2fe40ad26606097c6231) Importer(815301076,1909f56bfc062723c751e8b465ee728b)  -> (artifact id: 'bbf7c5a4c81ee91aa77e66e3e95dc0de') in 0.010445 seconds 
========================================================================
Received Import Request.
  Time since last request: 0.000018 seconds.
  path: Assets/Sprites/Palettes/Materials/Blocks_25.asset
  artifactKey: Guid(4529e0343c90feb48a700a13d2f8c1ef) Importer(815301076,1909f56bfc062723c751e8b465ee728b)
Start importing Assets/Sprites/Palettes/Materials/Blocks_25.asset using Guid(4529e0343c90feb48a700a13d2f8c1ef) Importer(815301076,1909f56bfc062723c751e8b465ee728b)  -> (artifact id: 'a1d2890de1be3596d11db47144d13cfc') in 0.008820 seconds 
========================================================================
Received Import Request.
  Time since last request: 0.000015 seconds.
  path: Assets/Sprites/Palettes/Materials/Blocks_65.asset
  artifactKey: Guid(5db2caf4c4063504bb6425b2c2c10a62) Importer(815301076,1909f56bfc062723c751e8b465ee728b)
Start importing Assets/Sprites/Palettes/Materials/Blocks_65.asset using Guid(5db2caf4c4063504bb6425b2c2c10a62) Importer(815301076,1909f56bfc062723c751e8b465ee728b)  -> (artifact id: 'f647922537aadb57102356ba8691a6d4') in 0.006825 seconds 
========================================================================
Received Import Request.
  Time since last request: 0.000012 seconds.
  path: Assets/Sprites/Palettes/Materials/Blocks_47.asset
  artifactKey: Guid(5d6c1d4017d40b647b598b3eab3a7b4c) Importer(815301076,1909f56bfc062723c751e8b465ee728b)
Start importing Assets/Sprites/Palettes/Materials/Blocks_47.asset using Guid(5d6c1d4017d40b647b598b3eab3a7b4c) Importer(815301076,1909f56bfc062723c751e8b465ee728b)  -> (artifact id: 'e97442902e458e7325013024d0b4bc97') in 0.006251 seconds 
========================================================================
Received Import Request.
  Time since last request: 0.000016 seconds.
  path: Assets/Sprites/Palettes/Materials/Blocks_48.asset
  artifactKey: Guid(3758aee9598e0a842b6c084443fbfb97) Importer(815301076,1909f56bfc062723c751e8b465ee728b)
Start importing Assets/Sprites/Palettes/Materials/Blocks_48.asset using Guid(3758aee9598e0a842b6c084443fbfb97) Importer(815301076,1909f56bfc062723c751e8b465ee728b)  -> (artifact id: '2c9da09a47dbd42a64a3b8ed1195886f') in 0.009201 seconds 
========================================================================
Received Import Request.
  Time since last request: 0.000015 seconds.
  path: Assets/Sprites/Palettes/Materials/Blocks_26.asset
  artifactKey: Guid(748e827fbe10cc74992c2d07a42b8658) Importer(815301076,1909f56bfc062723c751e8b465ee728b)
Start importing Assets/Sprites/Palettes/Materials/Blocks_26.asset using Guid(748e827fbe10cc74992c2d07a42b8658) Importer(815301076,1909f56bfc062723c751e8b465ee728b)  -> (artifact id: 'c3e338de75e95f6235cf7586700dfc4a') in 0.007962 seconds 
========================================================================
Received Import Request.
  Time since last request: 0.000019 seconds.
  path: Assets/Sprites/Palettes/Materials/Blocks_62.asset
  artifactKey: Guid(e8eb7e3ada5484640b756b6c5e7e128c) Importer(815301076,1909f56bfc062723c751e8b465ee728b)
Start importing Assets/Sprites/Palettes/Materials/Blocks_62.asset using Guid(e8eb7e3ada5484640b756b6c5e7e128c) Importer(815301076,1909f56bfc062723c751e8b465ee728b)  -> (artifact id: 'e8b2f24eca3a69790d0223d2fe8c3e3b') in 0.008801 seconds 
========================================================================
Received Import Request.
  Time since last request: 0.000017 seconds.
  path: Assets/Sprites/Palettes/Materials/Blocks_27.asset
  artifactKey: Guid(01237c0371fba7343bcabfad9b8dd53e) Importer(815301076,1909f56bfc062723c751e8b465ee728b)
Start importing Assets/Sprites/Palettes/Materials/Blocks_27.asset using Guid(01237c0371fba7343bcabfad9b8dd53e) Importer(815301076,1909f56bfc062723c751e8b465ee728b)  -> (artifact id: '93271755468a3829fe7309c41c273294') in 0.012032 seconds 
========================================================================
Received Import Request.
  Time since last request: 0.000023 seconds.
  path: Assets/Sprites/Palettes/Materials/Blocks_50.asset
  artifactKey: Guid(39dd433b9a3512f4eb9677484e08c648) Importer(815301076,1909f56bfc062723c751e8b465ee728b)
Start importing Assets/Sprites/Palettes/Materials/Blocks_50.asset using Guid(39dd433b9a3512f4eb9677484e08c648) Importer(815301076,1909f56bfc062723c751e8b465ee728b)  -> (artifact id: '5aa4cb98c614c560899fd6a9d5f64458') in 0.005966 seconds 
========================================================================
Received Import Request.
  Time since last request: 0.000016 seconds.
  path: Assets/Sprites/Palettes/Materials/Blocks_17.asset
  artifactKey: Guid(ba1503c66849e5646a0ec8e39961d1d6) Importer(815301076,1909f56bfc062723c751e8b465ee728b)
Start importing Assets/Sprites/Palettes/Materials/Blocks_17.asset using Guid(ba1503c66849e5646a0ec8e39961d1d6) Importer(815301076,1909f56bfc062723c751e8b465ee728b)  -> (artifact id: 'f6074db60ab6d6b6a03b2985f199bf97') in 0.006158 seconds 
Editor requested this worker to shutdown with reason: Scaling down because of idle timeout
AssetImportWorker is now disconnected from the server
Process exiting
Exiting without the bug reporter. Application will terminate with return code 0