Using pre-set license
Built from '2021.3/staging' branch; Version is '2021.3.23f1 (213b516bf396) revision 2177873'; Using compiler version '192829333'; Build Type 'Release'
OS: 'Windows 10  (10.0.19045) 64bit Professional' Language: 'ru' Physical Memory: 32693 MB
BatchMode: 1, IsHumanControllingUs: 0, StartBugReporterOnCrash: 0, Is64bit: 1, IsPro: 1

COMMAND LINE ARGUMENTS:
C:\Program Files\Unity\Hub\Editor\2021.3.23f1\Editor\Unity.exe
-adb2
-batchMode
-noUpm
-name
AssetImportWorker6
-projectPath
C:/Users/notob/Documents/GitHub/SoloGame/Platformer
-logFile
Logs/AssetImportWorker6.log
-srvPort
50784
Successfully changed project path to: C:/Users/notob/Documents/GitHub/SoloGame/Platformer
C:/Users/notob/Documents/GitHub/SoloGame/Platformer
[UnityMemory] Configuration Parameters - Can be set up in boot.config
    "memorysetup-bucket-allocator-granularity=16"
    "memorysetup-bucket-allocator-bucket-count=8"
    "memorysetup-bucket-allocator-block-size=33554432"
    "memorysetup-bucket-allocator-block-count=8"
    "memorysetup-main-allocator-block-size=16777216"
    "memorysetup-thread-allocator-block-size=16777216"
    "memorysetup-gfx-main-allocator-block-size=16777216"
    "memorysetup-gfx-thread-allocator-block-size=16777216"
    "memorysetup-cache-allocator-block-size=4194304"
    "memorysetup-typetree-allocator-block-size=2097152"
    "memorysetup-profiler-bucket-allocator-granularity=16"
    "memorysetup-profiler-bucket-allocator-bucket-count=8"
    "memorysetup-profiler-bucket-allocator-block-size=33554432"
    "memorysetup-profiler-bucket-allocator-block-count=8"
    "memorysetup-profiler-allocator-block-size=16777216"
    "memorysetup-profiler-editor-allocator-block-size=1048576"
    "memorysetup-temp-allocator-size-main=16777216"
    "memorysetup-job-temp-allocator-block-size=2097152"
    "memorysetup-job-temp-allocator-block-size-background=1048576"
    "memorysetup-job-temp-allocator-reduction-small-platforms=262144"
    "memorysetup-temp-allocator-size-background-worker=32768"
    "memorysetup-temp-allocator-size-job-worker=262144"
    "memorysetup-temp-allocator-size-preload-manager=33554432"
    "memorysetup-temp-allocator-size-nav-mesh-worker=65536"
    "memorysetup-temp-allocator-size-audio-worker=65536"
    "memorysetup-temp-allocator-size-cloud-worker=32768"
    "memorysetup-temp-allocator-size-gi-baking-worker=262144"
    "memorysetup-temp-allocator-size-gfx=262144"
Player connection [31964] Host "[IP] 192.168.0.111 [Port] 0 [Flags] 2 [Guid] 1279628941 [EditorId] 1279628941 [Version] 1048832 [Id] WindowsEditor(7,DESKTOP-4LDGE9F) [Debug] 1 [PackageName] WindowsEditor [ProjectName] Editor" joined multi-casting on [225.0.0.222:54997]...

Player connection [31964] Host "[IP] 192.168.0.111 [Port] 0 [Flags] 2 [Guid] 1279628941 [EditorId] 1279628941 [Version] 1048832 [Id] WindowsEditor(7,DESKTOP-4LDGE9F) [Debug] 1 [PackageName] WindowsEditor [ProjectName] Editor" joined alternative multi-casting on [225.0.0.222:34997]...

Refreshing native plugins compatible for Editor in 76.48 ms, found 4 plugins.
Preloading 0 native plugins for Editor in 0.00 ms.
Initialize engine version: 2021.3.23f1 (213b516bf396)
[Subsystems] Discovering subsystems at path C:/Program Files/Unity/Hub/Editor/2021.3.23f1/Editor/Data/Resources/UnitySubsystems
[Subsystems] Discovering subsystems at path C:/Users/notob/Documents/GitHub/SoloGame/Platformer/Assets
GfxDevice: creating device client; threaded=0; jobified=0
Direct3D:
    Version:  Direct3D 11.0 [level 11.1]
    Renderer: NVIDIA GeForce RTX 3050 (ID=0x2507)
    Vendor:   NVIDIA
    VRAM:     8056 MB
    Driver:   31.0.15.3623
Initialize mono
Mono path[0] = 'C:/Program Files/Unity/Hub/Editor/2021.3.23f1/Editor/Data/Managed'
Mono path[1] = 'C:/Program Files/Unity/Hub/Editor/2021.3.23f1/Editor/Data/MonoBleedingEdge/lib/mono/unityjit-win32'
Mono config path = 'C:/Program Files/Unity/Hub/Editor/2021.3.23f1/Editor/Data/MonoBleedingEdge/etc'
Using monoOptions --debugger-agent=transport=dt_socket,embedding=1,server=y,suspend=n,address=127.0.0.1:56960
Begin MonoManager ReloadAssembly
Registering precompiled unity dll's ...
Register platform support module: C:/Program Files/Unity/Hub/Editor/2021.3.23f1/Editor/Data/PlaybackEngines/WebGLSupport/UnityEditor.WebGL.Extensions.dll
Register platform support module: C:/Program Files/Unity/Hub/Editor/2021.3.23f1/Editor/Data/PlaybackEngines/WindowsStandaloneSupport/UnityEditor.WindowsStandalone.Extensions.dll
Registered in 0.024999 seconds.
Native extension for WindowsStandalone target not found
Native extension for WebGL target not found
Refreshing native plugins compatible for Editor in 64.27 ms, found 4 plugins.
Preloading 0 native plugins for Editor in 0.00 ms.
Mono: successfully reloaded assembly
- Completed reload, in  0.608 seconds
Domain Reload Profiling:
	ReloadAssembly (609ms)
		BeginReloadAssembly (114ms)
			ExecutionOrderSort (0ms)
			DisableScriptedObjects (0ms)
			BackupInstance (0ms)
			ReleaseScriptingObjects (0ms)
			CreateAndSetChildDomain (1ms)
		EndReloadAssembly (374ms)
			LoadAssemblies (108ms)
			RebuildTransferFunctionScriptingTraits (0ms)
			SetupTypeCache (75ms)
			ReleaseScriptCaches (0ms)
			RebuildScriptCaches (20ms)
			SetupLoadedEditorAssemblies (223ms)
				LogAssemblyErrors (0ms)
				InitializePlatformSupportModulesInManaged (14ms)
				SetLoadedEditorAssemblies (0ms)
				RefreshPlugins (64ms)
				BeforeProcessingInitializeOnLoad (1ms)
				ProcessInitializeOnLoadAttributes (111ms)
				ProcessInitializeOnLoadMethodAttributes (33ms)
				AfterProcessingInitializeOnLoad (0ms)
				EditorAssembliesLoaded (0ms)
			ExecutionOrderSort2 (0ms)
			AwakeInstancesAfterBackupRestoration (0ms)
Platform modules already initialized, skipping
Registering precompiled user dll's ...
Registered in 0.015038 seconds.
Begin MonoManager ReloadAssembly
Symbol file LoadedFromMemory doesn't match image C:\Users\notob\Documents\GitHub\SoloGame\Platformer\Library\PackageCache\com.unity.visualscripting@1.8.0\Editor\VisualScripting.Core\Dependencies\YamlDotNet\Unity.VisualScripting.YamlDotNet.dll
Symbol file LoadedFromMemory doesn't match image C:\Users\notob\Documents\GitHub\SoloGame\Platformer\Library\PackageCache\com.unity.visualscripting@1.8.0\Editor\VisualScripting.Core\Dependencies\DotNetZip\Unity.VisualScripting.IonicZip.dll
Native extension for WindowsStandalone target not found
Native extension for WebGL target not found
Refreshing native plugins compatible for Editor in 67.21 ms, found 4 plugins.
Preloading 0 native plugins for Editor in 0.00 ms.
Mono: successfully reloaded assembly
- Completed reload, in  0.993 seconds
Domain Reload Profiling:
	ReloadAssembly (994ms)
		BeginReloadAssembly (145ms)
			ExecutionOrderSort (0ms)
			DisableScriptedObjects (5ms)
			BackupInstance (0ms)
			ReleaseScriptingObjects (0ms)
			CreateAndSetChildDomain (15ms)
		EndReloadAssembly (738ms)
			LoadAssemblies (133ms)
			RebuildTransferFunctionScriptingTraits (0ms)
			SetupTypeCache (157ms)
			ReleaseScriptCaches (1ms)
			RebuildScriptCaches (37ms)
			SetupLoadedEditorAssemblies (409ms)
				LogAssemblyErrors (0ms)
				InitializePlatformSupportModulesInManaged (12ms)
				SetLoadedEditorAssemblies (0ms)
				RefreshPlugins (67ms)
				BeforeProcessingInitializeOnLoad (113ms)
				ProcessInitializeOnLoadAttributes (166ms)
				ProcessInitializeOnLoadMethodAttributes (27ms)
				AfterProcessingInitializeOnLoad (23ms)
				EditorAssembliesLoaded (0ms)
			ExecutionOrderSort2 (0ms)
			AwakeInstancesAfterBackupRestoration (6ms)
Platform modules already initialized, skipping
========================================================================
Worker process is ready to serve import requests
Launched and connected shader compiler UnityShaderCompiler.exe after 0.04 seconds
Refreshing native plugins compatible for Editor in 0.60 ms, found 4 plugins.
Preloading 0 native plugins for Editor in 0.00 ms.
Unloading 3733 Unused Serialized files (Serialized files now loaded: 0)
Unloading 41 unused Assets / (229.3 KB). Loaded Objects now: 4186.
Memory consumption went from 142.7 MB to 142.5 MB.
Total: 2.537800 ms (FindLiveObjects: 0.212700 ms CreateObjectMapping: 0.094800 ms MarkObjects: 2.121900 ms  DeleteObjects: 0.107700 ms)

AssetImportParameters requested are different than current active one (requested -> active):
  custom:video-decoder-ogg-theora: a1e56fd34408186e4bbccfd4996cb3dc -> 
  custom:container-muxer-webm: aa71ff27fc2769a1b78a27578f13a17b -> 
  custom:container-demuxer-webm: 4f35f7cbe854078d1ac9338744f61a02 -> 
  custom:video-encoder-webm-vp8: eb34c28f22e8b96e1ab97ce403110664 -> 
  custom:audio-encoder-webm-vorbis: bf7c407c2cedff20999df2af8eb42d56 -> 
  custom:framework-win-MediaFoundation: 216162199b28c13a410421893ffa2e32 -> 
  custom:container-demuxer-ogg: 62fdf1f143b41e24485cea50d1cbac27 -> 
  custom:video-decoder-webm-vp8: 9c59270c3fd7afecdb556c50c9e8de78 -> 
  custom:audio-decoder-ogg-vorbis: bf7c407c2cedff20999df2af8eb42d56 -> 
========================================================================
Received Import Request.
  Time since last request: 42174.763173 seconds.
  path: Assets/Sprites/BodySprite.png
  artifactKey: Guid(b871e8648cbc4524cb6734d74e71b98c) Importer(815301076,1909f56bfc062723c751e8b465ee728b)
Start importing Assets/Sprites/BodySprite.png using Guid(b871e8648cbc4524cb6734d74e71b98c) Importer(815301076,1909f56bfc062723c751e8b465ee728b)  -> (artifact id: 'c2118656b93d96c84d66edff09762d9b') in 0.147923 seconds 
========================================================================
Received Import Request.
  Time since last request: 13.651194 seconds.
  path: Assets/Sprites/BodySprite.png
  artifactKey: Guid(b871e8648cbc4524cb6734d74e71b98c) Importer(815301076,1909f56bfc062723c751e8b465ee728b)
Start importing Assets/Sprites/BodySprite.png using Guid(b871e8648cbc4524cb6734d74e71b98c) Importer(815301076,1909f56bfc062723c751e8b465ee728b)  -> (artifact id: 'df8dd15cdb666154159780e58a26e5fb') in 0.012063 seconds 
========================================================================
Received Import Request.
  Time since last request: 1190.422372 seconds.
  path: Assets/Sprites/BodySprite.png
  artifactKey: Guid(b871e8648cbc4524cb6734d74e71b98c) Importer(815301076,1909f56bfc062723c751e8b465ee728b)
Start importing Assets/Sprites/BodySprite.png using Guid(b871e8648cbc4524cb6734d74e71b98c) Importer(815301076,1909f56bfc062723c751e8b465ee728b)  -> (artifact id: '9050674b56b9d68fdf560127b9f8de0c') in 0.054247 seconds 
========================================================================
Received Import Request.
  Time since last request: 12.321945 seconds.
  path: Assets/Sprites/BodySprite.png
  artifactKey: Guid(b871e8648cbc4524cb6734d74e71b98c) Importer(815301076,1909f56bfc062723c751e8b465ee728b)
Start importing Assets/Sprites/BodySprite.png using Guid(b871e8648cbc4524cb6734d74e71b98c) Importer(815301076,1909f56bfc062723c751e8b465ee728b)  -> (artifact id: 'c0ab36a546e4c9b4a4e4744c6685589e') in 0.011152 seconds 
========================================================================
Received Import Request.
  Time since last request: 245.370036 seconds.
  path: Assets/Sprites/BodySprite.png
  artifactKey: Guid(b871e8648cbc4524cb6734d74e71b98c) Importer(815301076,1909f56bfc062723c751e8b465ee728b)
Start importing Assets/Sprites/BodySprite.png using Guid(b871e8648cbc4524cb6734d74e71b98c) Importer(815301076,1909f56bfc062723c751e8b465ee728b)  -> (artifact id: 'd7edbc01646f98982a51d2900904c3fd') in 0.008860 seconds 
========================================================================
Received Import Request.
  Time since last request: 12.370991 seconds.
  path: Assets/Sprites/BodySprite.png
  artifactKey: Guid(b871e8648cbc4524cb6734d74e71b98c) Importer(815301076,1909f56bfc062723c751e8b465ee728b)
Start importing Assets/Sprites/BodySprite.png using Guid(b871e8648cbc4524cb6734d74e71b98c) Importer(815301076,1909f56bfc062723c751e8b465ee728b)  -> (artifact id: '3d401bbcd432fb77fdbddab11e68601d') in 0.140560 seconds 
========================================================================
Received Import Request.
  Time since last request: 1014.770042 seconds.
  path: Assets/Sprites/Blocks.png
  artifactKey: Guid(0bb955ca0704f0b48be882bb30c6adb4) Importer(815301076,1909f56bfc062723c751e8b465ee728b)
Start importing Assets/Sprites/Blocks.png using Guid(0bb955ca0704f0b48be882bb30c6adb4) Importer(815301076,1909f56bfc062723c751e8b465ee728b)  -> (artifact id: 'b8ed80665d70d9f33d7c59b98c023e83') in 0.023835 seconds 
========================================================================
Received Import Request.
  Time since last request: 36.651860 seconds.
  path: Assets/Sprites/Blocks.png
  artifactKey: Guid(0bb955ca0704f0b48be882bb30c6adb4) Importer(815301076,1909f56bfc062723c751e8b465ee728b)
Start importing Assets/Sprites/Blocks.png using Guid(0bb955ca0704f0b48be882bb30c6adb4) Importer(815301076,1909f56bfc062723c751e8b465ee728b)  -> (artifact id: '42ba95aa42b9e77445f9d50cffd6dcd2') in 0.009644 seconds 
========================================================================
Received Import Request.
  Time since last request: 39.471998 seconds.
  path: Assets/Sprites/Blocks.png
  artifactKey: Guid(0bb955ca0704f0b48be882bb30c6adb4) Importer(815301076,1909f56bfc062723c751e8b465ee728b)
Start importing Assets/Sprites/Blocks.png using Guid(0bb955ca0704f0b48be882bb30c6adb4) Importer(815301076,1909f56bfc062723c751e8b465ee728b)  -> (artifact id: 'fd8d3cd3c54005248d29ff44764a4e68') in 0.178714 seconds 
========================================================================
Received Import Request.
  Time since last request: 76.796063 seconds.
  path: Assets/Prefabs/Player.prefab
  artifactKey: Guid(f37ed81e1c6b3524b8fa1b6dd1d551ec) Importer(815301076,1909f56bfc062723c751e8b465ee728b)
Start importing Assets/Prefabs/Player.prefab using Guid(f37ed81e1c6b3524b8fa1b6dd1d551ec) Importer(815301076,1909f56bfc062723c751e8b465ee728b)  -> (artifact id: 'b2a45372180085600c93abc111db0192') in 0.015478 seconds 
========================================================================
Received Import Request.
  Time since last request: 120.047807 seconds.
  path: Assets/Sprites/Palettes/Blocks.prefab
  artifactKey: Guid(0832170e141839144ac721ba7eddbc33) Importer(815301076,1909f56bfc062723c751e8b465ee728b)
Start importing Assets/Sprites/Palettes/Blocks.prefab using Guid(0832170e141839144ac721ba7eddbc33) Importer(815301076,1909f56bfc062723c751e8b465ee728b)  -> (artifact id: '84f8104c648932a2ffe0300740702528') in 0.042102 seconds 
========================================================================
Received Import Request.
  Time since last request: 9.713533 seconds.
  path: Assets/Sprites/Blocks_0.asset
  artifactKey: Guid(5dd5cb4e2923ab44f896b961a083ceb9) Importer(815301076,1909f56bfc062723c751e8b465ee728b)
Start importing Assets/Sprites/Blocks_0.asset using Guid(5dd5cb4e2923ab44f896b961a083ceb9) Importer(815301076,1909f56bfc062723c751e8b465ee728b)  -> (artifact id: '55d88f293cd8dcc13457e16862cd0f94') in 0.015553 seconds 
========================================================================
Received Import Request.
  Time since last request: 0.003137 seconds.
  path: Assets/Sprites/Blocks_6.asset
  artifactKey: Guid(5844b27d8e078314cb04d8f7096478f0) Importer(815301076,1909f56bfc062723c751e8b465ee728b)
Start importing Assets/Sprites/Blocks_6.asset using Guid(5844b27d8e078314cb04d8f7096478f0) Importer(815301076,1909f56bfc062723c751e8b465ee728b)  -> (artifact id: '84d2a530fe3499be0a889563190d22b3') in 0.013577 seconds 
========================================================================
Received Import Request.
  Time since last request: 0.016927 seconds.
  path: Assets/Sprites/Blocks_5.asset
  artifactKey: Guid(a87834c5a293c7b45a0ec2c8679e9333) Importer(815301076,1909f56bfc062723c751e8b465ee728b)
Start importing Assets/Sprites/Blocks_5.asset using Guid(a87834c5a293c7b45a0ec2c8679e9333) Importer(815301076,1909f56bfc062723c751e8b465ee728b)  -> (artifact id: '288ac7a9ba4eae348819c11842a0c5b6') in 0.015462 seconds 
========================================================================
Received Import Request.
  Time since last request: 0.008436 seconds.
  path: Assets/Sprites/Blocks_12.asset
  artifactKey: Guid(5c90951d6ad91df49af943bb7791c2df) Importer(815301076,1909f56bfc062723c751e8b465ee728b)
Start importing Assets/Sprites/Blocks_12.asset using Guid(5c90951d6ad91df49af943bb7791c2df) Importer(815301076,1909f56bfc062723c751e8b465ee728b)  -> (artifact id: '7c117787b5e4adccf9f9d9c2864dbf4d') in 0.014063 seconds 
========================================================================
Received Import Request.
  Time since last request: 0.000022 seconds.
  path: Assets/Sprites/Blocks_43.asset
  artifactKey: Guid(0e25d1724c157c449a4b5dba96e4f6bf) Importer(815301076,1909f56bfc062723c751e8b465ee728b)
Start importing Assets/Sprites/Blocks_43.asset using Guid(0e25d1724c157c449a4b5dba96e4f6bf) Importer(815301076,1909f56bfc062723c751e8b465ee728b)  -> (artifact id: 'a2752ce521cac4f184038f7a08f88cc3') in 0.012155 seconds 
========================================================================
Received Import Request.
  Time since last request: 0.000018 seconds.
  path: Assets/Sprites/Blocks_66.asset
  artifactKey: Guid(84bd939bcca15f547abc947827830dd0) Importer(815301076,1909f56bfc062723c751e8b465ee728b)
Start importing Assets/Sprites/Blocks_66.asset using Guid(84bd939bcca15f547abc947827830dd0) Importer(815301076,1909f56bfc062723c751e8b465ee728b)  -> (artifact id: 'ca0ca8c6fd65e5826ed7625ec9d8e072') in 0.011094 seconds 
========================================================================
Received Import Request.
  Time since last request: 0.000016 seconds.
  path: Assets/Sprites/Blocks_15.asset
  artifactKey: Guid(22b1215106aa61142b4c332a08f782f4) Importer(815301076,1909f56bfc062723c751e8b465ee728b)
Start importing Assets/Sprites/Blocks_15.asset using Guid(22b1215106aa61142b4c332a08f782f4) Importer(815301076,1909f56bfc062723c751e8b465ee728b)  -> (artifact id: 'dbe2fec2a60a824d98b24a63d3795928') in 0.010319 seconds 
========================================================================
Received Import Request.
  Time since last request: 0.000015 seconds.
  path: Assets/Sprites/Blocks_30.asset
  artifactKey: Guid(cd95e671be9c8ab409c75f9153e35974) Importer(815301076,1909f56bfc062723c751e8b465ee728b)
Start importing Assets/Sprites/Blocks_30.asset using Guid(cd95e671be9c8ab409c75f9153e35974) Importer(815301076,1909f56bfc062723c751e8b465ee728b)  -> (artifact id: '78a88a078afef699e4fb4f37afd6e40d') in 0.014033 seconds 
========================================================================
Received Import Request.
  Time since last request: 0.000018 seconds.
  path: Assets/Sprites/Blocks_9.asset
  artifactKey: Guid(c1535a15abacc984b84f43be20a9ecc9) Importer(815301076,1909f56bfc062723c751e8b465ee728b)
Start importing Assets/Sprites/Blocks_9.asset using Guid(c1535a15abacc984b84f43be20a9ecc9) Importer(815301076,1909f56bfc062723c751e8b465ee728b)  -> (artifact id: '7b420cdf23c1a214bf181da31855ee78') in 0.013454 seconds 
========================================================================
Received Import Request.
  Time since last request: 0.000020 seconds.
  path: Assets/Sprites/Blocks_38.asset
  artifactKey: Guid(08a49581c7f5d4149a379a732ef97006) Importer(815301076,1909f56bfc062723c751e8b465ee728b)
Start importing Assets/Sprites/Blocks_38.asset using Guid(08a49581c7f5d4149a379a732ef97006) Importer(815301076,1909f56bfc062723c751e8b465ee728b)  -> (artifact id: '2aeb25276ba0a6f43d82a3fc3ffc2845') in 0.011550 seconds 
========================================================================
Received Import Request.
  Time since last request: 0.000018 seconds.
  path: Assets/Sprites/Blocks_59.asset
  artifactKey: Guid(7ce66f366c9f30343acf49e3a7f5ef1b) Importer(815301076,1909f56bfc062723c751e8b465ee728b)
Start importing Assets/Sprites/Blocks_59.asset using Guid(7ce66f366c9f30343acf49e3a7f5ef1b) Importer(815301076,1909f56bfc062723c751e8b465ee728b)  -> (artifact id: '667c45da770d6160290ead54f81626c9') in 0.012301 seconds 
========================================================================
Received Import Request.
  Time since last request: 0.000029 seconds.
  path: Assets/Sprites/Blocks_77.asset
  artifactKey: Guid(d0694b8f8749f7849b3e04007217b61f) Importer(815301076,1909f56bfc062723c751e8b465ee728b)
Start importing Assets/Sprites/Blocks_77.asset using Guid(d0694b8f8749f7849b3e04007217b61f) Importer(815301076,1909f56bfc062723c751e8b465ee728b)  -> (artifact id: 'e389a196c5e437d16abf74eb2350ec7d') in 0.013390 seconds 
========================================================================
Received Import Request.
  Time since last request: 0.000015 seconds.
  path: Assets/Sprites/Blocks_42.asset
  artifactKey: Guid(f1d2fbdbdac11624baf8759282942fe2) Importer(815301076,1909f56bfc062723c751e8b465ee728b)
Start importing Assets/Sprites/Blocks_42.asset using Guid(f1d2fbdbdac11624baf8759282942fe2) Importer(815301076,1909f56bfc062723c751e8b465ee728b)  -> (artifact id: '10e3a92a20900854ef4ac5ade7f31b35') in 0.013500 seconds 
========================================================================
Received Import Request.
  Time since last request: 0.000014 seconds.
  path: Assets/Sprites/Blocks_69.asset
  artifactKey: Guid(3bab36422dd3ca24ca22b69b9d6454bb) Importer(815301076,1909f56bfc062723c751e8b465ee728b)
Start importing Assets/Sprites/Blocks_69.asset using Guid(3bab36422dd3ca24ca22b69b9d6454bb) Importer(815301076,1909f56bfc062723c751e8b465ee728b)  -> (artifact id: '5fbef87c3447455c4206d07cad5e2228') in 0.011946 seconds 
========================================================================
Received Import Request.
  Time since last request: 0.000015 seconds.
  path: Assets/Sprites/Blocks_73.asset
  artifactKey: Guid(2a7b01174a83eef4db3dfc252e3ea203) Importer(815301076,1909f56bfc062723c751e8b465ee728b)
Start importing Assets/Sprites/Blocks_73.asset using Guid(2a7b01174a83eef4db3dfc252e3ea203) Importer(815301076,1909f56bfc062723c751e8b465ee728b)  -> (artifact id: 'e5bf26510669d7878c2ec2dc6abadcf3') in 0.010895 seconds 
========================================================================
Received Import Request.
  Time since last request: 0.000017 seconds.
  path: Assets/Sprites/Blocks_35.asset
  artifactKey: Guid(62968f8277a6d42498e9ba3fb2e62dfd) Importer(815301076,1909f56bfc062723c751e8b465ee728b)
Start importing Assets/Sprites/Blocks_35.asset using Guid(62968f8277a6d42498e9ba3fb2e62dfd) Importer(815301076,1909f56bfc062723c751e8b465ee728b)  -> (artifact id: '0d1969932d429422163401e45e01fe86') in 0.011032 seconds 
========================================================================
Received Import Request.
  Time since last request: 0.000016 seconds.
  path: Assets/Sprites/Blocks_3.asset
  artifactKey: Guid(5bcbad535784bfc48b81731f10c0987a) Importer(815301076,1909f56bfc062723c751e8b465ee728b)
Start importing Assets/Sprites/Blocks_3.asset using Guid(5bcbad535784bfc48b81731f10c0987a) Importer(815301076,1909f56bfc062723c751e8b465ee728b)  -> (artifact id: 'c566e95f51b47b35b0ae6baaf0e7eac0') in 0.011511 seconds 
========================================================================
Received Import Request.
  Time since last request: 0.000014 seconds.
  path: Assets/Sprites/Blocks_24.asset
  artifactKey: Guid(4fe4366210f9c1f4cbf9cc03b70c3b1a) Importer(815301076,1909f56bfc062723c751e8b465ee728b)
Start importing Assets/Sprites/Blocks_24.asset using Guid(4fe4366210f9c1f4cbf9cc03b70c3b1a) Importer(815301076,1909f56bfc062723c751e8b465ee728b)  -> (artifact id: 'c7ba343b1ae53b7e590463bf799728fd') in 0.011238 seconds 
========================================================================
Received Import Request.
  Time since last request: 0.000023 seconds.
  path: Assets/Sprites/Blocks_29.asset
  artifactKey: Guid(cd883533434188f48adb5efe70398535) Importer(815301076,1909f56bfc062723c751e8b465ee728b)
Start importing Assets/Sprites/Blocks_29.asset using Guid(cd883533434188f48adb5efe70398535) Importer(815301076,1909f56bfc062723c751e8b465ee728b)  -> (artifact id: '038cc63f1f6a9e8ca611e4d2001cf7ce') in 0.012120 seconds 
========================================================================
Received Import Request.
  Time since last request: 0.000018 seconds.
  path: Assets/Sprites/Blocks_13.asset
  artifactKey: Guid(cff950b0d28314f4c96556e0f86c4b6d) Importer(815301076,1909f56bfc062723c751e8b465ee728b)
Start importing Assets/Sprites/Blocks_13.asset using Guid(cff950b0d28314f4c96556e0f86c4b6d) Importer(815301076,1909f56bfc062723c751e8b465ee728b)  -> (artifact id: '8e1b2401cbaea7a9142170e0efdd34f2') in 0.012851 seconds 
========================================================================
Received Import Request.
  Time since last request: 0.000015 seconds.
  path: Assets/Sprites/Blocks_46.asset
  artifactKey: Guid(70c7cee0f3a7e494e95fe53e87165803) Importer(815301076,1909f56bfc062723c751e8b465ee728b)
Start importing Assets/Sprites/Blocks_46.asset using Guid(70c7cee0f3a7e494e95fe53e87165803) Importer(815301076,1909f56bfc062723c751e8b465ee728b)  -> (artifact id: '3d37602082306d8643b63185200a0d9e') in 0.010563 seconds 
========================================================================
Received Import Request.
  Time since last request: 0.000013 seconds.
  path: Assets/Sprites/Blocks_20.asset
  artifactKey: Guid(8fe9af70d4dd75f4081c5f7618c94970) Importer(815301076,1909f56bfc062723c751e8b465ee728b)
Start importing Assets/Sprites/Blocks_20.asset using Guid(8fe9af70d4dd75f4081c5f7618c94970) Importer(815301076,1909f56bfc062723c751e8b465ee728b)  -> (artifact id: '902c829f9de530f42798052a5ce86559') in 0.010809 seconds 
========================================================================
Received Import Request.
  Time since last request: 0.000019 seconds.
  path: Assets/Sprites/Blocks_41.asset
  artifactKey: Guid(a0303aa996b90d94e97b2b878ff95d34) Importer(815301076,1909f56bfc062723c751e8b465ee728b)
Start importing Assets/Sprites/Blocks_41.asset using Guid(a0303aa996b90d94e97b2b878ff95d34) Importer(815301076,1909f56bfc062723c751e8b465ee728b)  -> (artifact id: '8ad8fcb50b047fc7fcbc314f108fa8e2') in 0.011829 seconds 
========================================================================
Received Import Request.
  Time since last request: 0.000018 seconds.
  path: Assets/Sprites/Blocks_25.asset
  artifactKey: Guid(e6addfb34100d134d9d90825c9756317) Importer(815301076,1909f56bfc062723c751e8b465ee728b)
Start importing Assets/Sprites/Blocks_25.asset using Guid(e6addfb34100d134d9d90825c9756317) Importer(815301076,1909f56bfc062723c751e8b465ee728b)  -> (artifact id: '742689ceb0172c5abff138c9eeb247a2') in 0.012036 seconds 
========================================================================
Received Import Request.
  Time since last request: 0.000016 seconds.
  path: Assets/Sprites/Blocks_49.asset
  artifactKey: Guid(07f29d68b09e61a43a398b1c6014f806) Importer(815301076,1909f56bfc062723c751e8b465ee728b)
Start importing Assets/Sprites/Blocks_49.asset using Guid(07f29d68b09e61a43a398b1c6014f806) Importer(815301076,1909f56bfc062723c751e8b465ee728b)  -> (artifact id: '5dfc9e4a4cf7f7ea147fca82a6531944') in 0.012113 seconds 
========================================================================
Received Import Request.
  Time since last request: 0.000021 seconds.
  path: Assets/Sprites/Blocks_19.asset
  artifactKey: Guid(350ccb5ceeae4c54a86fb9fbfbfd06ee) Importer(815301076,1909f56bfc062723c751e8b465ee728b)
Start importing Assets/Sprites/Blocks_19.asset using Guid(350ccb5ceeae4c54a86fb9fbfbfd06ee) Importer(815301076,1909f56bfc062723c751e8b465ee728b)  -> (artifact id: '6aefcba2278b9d7b55e61aa17043ea1d') in 0.011908 seconds 
========================================================================
Received Import Request.
  Time since last request: 0.000036 seconds.
  path: Assets/Sprites/Blocks_37.asset
  artifactKey: Guid(14216cd72fddab749a94cb39a5b20670) Importer(815301076,1909f56bfc062723c751e8b465ee728b)
Start importing Assets/Sprites/Blocks_37.asset using Guid(14216cd72fddab749a94cb39a5b20670) Importer(815301076,1909f56bfc062723c751e8b465ee728b)  -> (artifact id: '1d8ee1b7829c53a0c120b6778541f860') in 0.010857 seconds 
========================================================================
Received Import Request.
  Time since last request: 0.000017 seconds.
  path: Assets/Sprites/Blocks_28.asset
  artifactKey: Guid(51aac4f66ddea6146ab3dbb244e20fe0) Importer(815301076,1909f56bfc062723c751e8b465ee728b)
Start importing Assets/Sprites/Blocks_28.asset using Guid(51aac4f66ddea6146ab3dbb244e20fe0) Importer(815301076,1909f56bfc062723c751e8b465ee728b)  -> (artifact id: 'd6e79a270e67f1efc9ef4381c45871f7') in 0.012325 seconds 
========================================================================
Received Import Request.
  Time since last request: 0.000013 seconds.
  path: Assets/Sprites/Blocks_48.asset
  artifactKey: Guid(22dc2466ce143c641b33be744611090a) Importer(815301076,1909f56bfc062723c751e8b465ee728b)
Start importing Assets/Sprites/Blocks_48.asset using Guid(22dc2466ce143c641b33be744611090a) Importer(815301076,1909f56bfc062723c751e8b465ee728b)  -> (artifact id: '5069add13cf9270449b76beb529a0eb7') in 0.018705 seconds 
========================================================================
Received Import Request.
  Time since last request: 0.000019 seconds.
  path: Assets/Sprites/Blocks_11.asset
  artifactKey: Guid(b184f7c1c1981844e924a17a73579e8e) Importer(815301076,1909f56bfc062723c751e8b465ee728b)
Start importing Assets/Sprites/Blocks_11.asset using Guid(b184f7c1c1981844e924a17a73579e8e) Importer(815301076,1909f56bfc062723c751e8b465ee728b)  -> (artifact id: '9e1b1d2b7c15f74fe42cba7f82f6b4d6') in 0.012772 seconds 
========================================================================
Received Import Request.
  Time since last request: 0.000017 seconds.
  path: Assets/Sprites/Blocks_44.asset
  artifactKey: Guid(a0f946d63cb5f8443923c4b0382ed2ba) Importer(815301076,1909f56bfc062723c751e8b465ee728b)
Start importing Assets/Sprites/Blocks_44.asset using Guid(a0f946d63cb5f8443923c4b0382ed2ba) Importer(815301076,1909f56bfc062723c751e8b465ee728b)  -> (artifact id: '9950795a98f76f49bc5244646f1d0582') in 0.014035 seconds 
========================================================================
Received Import Request.
  Time since last request: 0.000021 seconds.
  path: Assets/Sprites/Blocks_7.asset
  artifactKey: Guid(c4617ff9526063240bf23682a22f11f0) Importer(815301076,1909f56bfc062723c751e8b465ee728b)
Start importing Assets/Sprites/Blocks_7.asset using Guid(c4617ff9526063240bf23682a22f11f0) Importer(815301076,1909f56bfc062723c751e8b465ee728b)  -> (artifact id: '281ce0742737a7db436b94f8b572c54b') in 0.011949 seconds 
========================================================================
Received Import Request.
  Time since last request: 0.000023 seconds.
  path: Assets/Sprites/Blocks_54.asset
  artifactKey: Guid(5e8e2080bdf573f468ab3fb885c46deb) Importer(815301076,1909f56bfc062723c751e8b465ee728b)
Start importing Assets/Sprites/Blocks_54.asset using Guid(5e8e2080bdf573f468ab3fb885c46deb) Importer(815301076,1909f56bfc062723c751e8b465ee728b)  -> (artifact id: '7473fbb3acdc5160f47120ac1addb330') in 0.012954 seconds 
========================================================================
Received Import Request.
  Time since last request: 0.000020 seconds.
  path: Assets/Sprites/Blocks_45.asset
  artifactKey: Guid(df69bbebd491b8541ab466b4f7a6d09f) Importer(815301076,1909f56bfc062723c751e8b465ee728b)
Start importing Assets/Sprites/Blocks_45.asset using Guid(df69bbebd491b8541ab466b4f7a6d09f) Importer(815301076,1909f56bfc062723c751e8b465ee728b)  -> (artifact id: 'dd0095e59ad982e5a9d4c257ee8890a0') in 0.012738 seconds 
========================================================================
Received Import Request.
  Time since last request: 0.000018 seconds.
  path: Assets/Sprites/Blocks_8.asset
  artifactKey: Guid(2f97d42d83397b849943db0ec51929c7) Importer(815301076,1909f56bfc062723c751e8b465ee728b)
Start importing Assets/Sprites/Blocks_8.asset using Guid(2f97d42d83397b849943db0ec51929c7) Importer(815301076,1909f56bfc062723c751e8b465ee728b)  -> (artifact id: '1a9189e7673c4dedf8f215bb2c392671') in 0.013467 seconds 
========================================================================
Received Import Request.
  Time since last request: 0.000018 seconds.
  path: Assets/Sprites/Blocks_2.asset
  artifactKey: Guid(75df9fdc06d2e4d4b9caa044eca1cd5d) Importer(815301076,1909f56bfc062723c751e8b465ee728b)
Start importing Assets/Sprites/Blocks_2.asset using Guid(75df9fdc06d2e4d4b9caa044eca1cd5d) Importer(815301076,1909f56bfc062723c751e8b465ee728b)  -> (artifact id: '681177fad7b5e870f28535b669e1808c') in 0.014184 seconds 
========================================================================
Received Import Request.
  Time since last request: 0.000016 seconds.
  path: Assets/Sprites/Blocks_40.asset
  artifactKey: Guid(90c74654983e0704aa6367e9acce27aa) Importer(815301076,1909f56bfc062723c751e8b465ee728b)
Start importing Assets/Sprites/Blocks_40.asset using Guid(90c74654983e0704aa6367e9acce27aa) Importer(815301076,1909f56bfc062723c751e8b465ee728b)  -> (artifact id: 'f62a5082455660b83b0d2f834da69e40') in 0.013018 seconds 
========================================================================
Received Import Request.
  Time since last request: 0.000018 seconds.
  path: Assets/Sprites/Blocks_33.asset
  artifactKey: Guid(0350eb45d426f2d42838c7f953d31df1) Importer(815301076,1909f56bfc062723c751e8b465ee728b)
Start importing Assets/Sprites/Blocks_33.asset using Guid(0350eb45d426f2d42838c7f953d31df1) Importer(815301076,1909f56bfc062723c751e8b465ee728b)  -> (artifact id: '09fc7bcff60077315d6e8ce9f8e524aa') in 0.013864 seconds 
========================================================================
Received Import Request.
  Time since last request: 0.000020 seconds.
  path: Assets/Sprites/Blocks_10.asset
  artifactKey: Guid(823a122db375e6e4fbcc8d4c3a16b448) Importer(815301076,1909f56bfc062723c751e8b465ee728b)
Start importing Assets/Sprites/Blocks_10.asset using Guid(823a122db375e6e4fbcc8d4c3a16b448) Importer(815301076,1909f56bfc062723c751e8b465ee728b)  -> (artifact id: '3cdd88d854ffd161b2ed312e2a3bf4c4') in 0.014233 seconds 
========================================================================
Received Import Request.
  Time since last request: 0.000026 seconds.
  path: Assets/Sprites/Blocks_68.asset
  artifactKey: Guid(d61683ca1371176418f148cc9e1e85c3) Importer(815301076,1909f56bfc062723c751e8b465ee728b)
Start importing Assets/Sprites/Blocks_68.asset using Guid(d61683ca1371176418f148cc9e1e85c3) Importer(815301076,1909f56bfc062723c751e8b465ee728b)  -> (artifact id: '71ef52337fa54430cc34993869af2ac2') in 0.012498 seconds 
========================================================================
Received Import Request.
  Time since last request: 2.831597 seconds.
  path: Assets/Sprites/Blocks_78.asset
  artifactKey: Guid(a02e7bff30b289a4f8c4411d36676ce5) Importer(815301076,1909f56bfc062723c751e8b465ee728b)
Start importing Assets/Sprites/Blocks_78.asset using Guid(a02e7bff30b289a4f8c4411d36676ce5) Importer(815301076,1909f56bfc062723c751e8b465ee728b)  -> (artifact id: '43dd6bfb9f100e1422b6646d6019dac1') in 0.012618 seconds 
========================================================================
Received Import Request.
  Time since last request: 0.000017 seconds.
  path: Assets/Sprites/Blocks_83.asset
  artifactKey: Guid(fbc90958712399d4ba6a858bf7c3dba0) Importer(815301076,1909f56bfc062723c751e8b465ee728b)
Start importing Assets/Sprites/Blocks_83.asset using Guid(fbc90958712399d4ba6a858bf7c3dba0) Importer(815301076,1909f56bfc062723c751e8b465ee728b)  -> (artifact id: 'da6741588ff8163c5928e22007421e10') in 0.011697 seconds 
========================================================================
Received Import Request.
  Time since last request: 0.000023 seconds.
  path: Assets/Sprites/Blocks_81.asset
  artifactKey: Guid(6ea76560333428a4fb484711bf920f65) Importer(815301076,1909f56bfc062723c751e8b465ee728b)
Start importing Assets/Sprites/Blocks_81.asset using Guid(6ea76560333428a4fb484711bf920f65) Importer(815301076,1909f56bfc062723c751e8b465ee728b)  -> (artifact id: '6f8e7a304df8287f4c9938ffc40883cb') in 0.010715 seconds 
========================================================================
Received Import Request.
  Time since last request: 0.000015 seconds.
  path: Assets/Sprites/Blocks_103.asset
  artifactKey: Guid(eea3b85f531eea0478c4803a1a76e855) Importer(815301076,1909f56bfc062723c751e8b465ee728b)
Start importing Assets/Sprites/Blocks_103.asset using Guid(eea3b85f531eea0478c4803a1a76e855) Importer(815301076,1909f56bfc062723c751e8b465ee728b)  -> (artifact id: '7b2fd7776afaaddb026c228d6f3901ee') in 0.012332 seconds 
========================================================================
Received Import Request.
  Time since last request: 0.000013 seconds.
  path: Assets/Sprites/Blocks_95.asset
  artifactKey: Guid(e1cc112630c2fd1478b6170a041d8529) Importer(815301076,1909f56bfc062723c751e8b465ee728b)
Start importing Assets/Sprites/Blocks_95.asset using Guid(e1cc112630c2fd1478b6170a041d8529) Importer(815301076,1909f56bfc062723c751e8b465ee728b)  -> (artifact id: '6fc32c002444514045113674be32e420') in 0.011717 seconds 
========================================================================
Received Import Request.
  Time since last request: 0.000017 seconds.
  path: Assets/Sprites/Blocks_111.asset
  artifactKey: Guid(1fad50b888c8cec40aa27c1499247249) Importer(815301076,1909f56bfc062723c751e8b465ee728b)
Start importing Assets/Sprites/Blocks_111.asset using Guid(1fad50b888c8cec40aa27c1499247249) Importer(815301076,1909f56bfc062723c751e8b465ee728b)  -> (artifact id: '2f75eefea8dfc4790a7895c36d6801c1') in 0.012358 seconds 
========================================================================
Received Import Request.
  Time since last request: 0.000017 seconds.
  path: Assets/Sprites/Blocks_101.asset
  artifactKey: Guid(c265296accccabb43a414a2563992c58) Importer(815301076,1909f56bfc062723c751e8b465ee728b)
Start importing Assets/Sprites/Blocks_101.asset using Guid(c265296accccabb43a414a2563992c58) Importer(815301076,1909f56bfc062723c751e8b465ee728b)  -> (artifact id: 'c7c0376fbc832b93c9e3d623047364ef') in 0.011800 seconds 
========================================================================
Received Import Request.
  Time since last request: 0.000016 seconds.
  path: Assets/Sprites/Blocks_110.asset
  artifactKey: Guid(8c8ff0f1a317c58488217590878e17b8) Importer(815301076,1909f56bfc062723c751e8b465ee728b)
Start importing Assets/Sprites/Blocks_110.asset using Guid(8c8ff0f1a317c58488217590878e17b8) Importer(815301076,1909f56bfc062723c751e8b465ee728b)  -> (artifact id: '9157a0b34339f8f1e1f0776480626bbe') in 0.011666 seconds 
========================================================================
Received Import Request.
  Time since last request: 0.000016 seconds.
  path: Assets/Sprites/Blocks_106.asset
  artifactKey: Guid(894077e7824bc6a4292fae6f23a594e0) Importer(815301076,1909f56bfc062723c751e8b465ee728b)
Start importing Assets/Sprites/Blocks_106.asset using Guid(894077e7824bc6a4292fae6f23a594e0) Importer(815301076,1909f56bfc062723c751e8b465ee728b)  -> (artifact id: '4422d612eddfcd6bb7304c1af266c0e0') in 0.011970 seconds 
========================================================================
Received Import Request.
  Time since last request: 0.000017 seconds.
  path: Assets/Sprites/Blocks_105.asset
  artifactKey: Guid(1d25e2cd938b8454fab1ef0e791506ad) Importer(815301076,1909f56bfc062723c751e8b465ee728b)
Start importing Assets/Sprites/Blocks_105.asset using Guid(1d25e2cd938b8454fab1ef0e791506ad) Importer(815301076,1909f56bfc062723c751e8b465ee728b)  -> (artifact id: 'e6664060b8ac9f85243f695acb1bb836') in 0.013658 seconds 
========================================================================
Received Import Request.
  Time since last request: 0.000014 seconds.
  path: Assets/Sprites/Blocks_84.asset
  artifactKey: Guid(69704ad61e405b24aad7ba13dddf53bc) Importer(815301076,1909f56bfc062723c751e8b465ee728b)
Start importing Assets/Sprites/Blocks_84.asset using Guid(69704ad61e405b24aad7ba13dddf53bc) Importer(815301076,1909f56bfc062723c751e8b465ee728b)  -> (artifact id: '7f608c2e1d0c94683c3ecde5eb853e55') in 0.012410 seconds 
========================================================================
Received Import Request.
  Time since last request: 0.000018 seconds.
  path: Assets/Sprites/Blocks_93.asset
  artifactKey: Guid(e1aa56bdee647904fb85183b6278eba8) Importer(815301076,1909f56bfc062723c751e8b465ee728b)
Start importing Assets/Sprites/Blocks_93.asset using Guid(e1aa56bdee647904fb85183b6278eba8) Importer(815301076,1909f56bfc062723c751e8b465ee728b)  -> (artifact id: '3453ebce1a57bce8eb81b0cfc9c97b83') in 0.015157 seconds 
========================================================================
Received Import Request.
  Time since last request: 0.000014 seconds.
  path: Assets/Sprites/Blocks_92.asset
  artifactKey: Guid(3ce9b900d37d8ea4aa2c7cb888bf80e5) Importer(815301076,1909f56bfc062723c751e8b465ee728b)
Start importing Assets/Sprites/Blocks_92.asset using Guid(3ce9b900d37d8ea4aa2c7cb888bf80e5) Importer(815301076,1909f56bfc062723c751e8b465ee728b)  -> (artifact id: '8836dd77a3225df9553ae8195484cfd1') in 0.011428 seconds 
========================================================================
Received Import Request.
  Time since last request: 0.000016 seconds.
  path: Assets/Sprites/Blocks_109.asset
  artifactKey: Guid(45bbbf88217318a4baecd3944c597915) Importer(815301076,1909f56bfc062723c751e8b465ee728b)
Start importing Assets/Sprites/Blocks_109.asset using Guid(45bbbf88217318a4baecd3944c597915) Importer(815301076,1909f56bfc062723c751e8b465ee728b)  -> (artifact id: '41c4d2a25d446f1c39bf26e55c881794') in 0.010447 seconds 
========================================================================
Received Import Request.
  Time since last request: 0.000015 seconds.
  path: Assets/Sprites/Blocks_82.asset
  artifactKey: Guid(6d4da4b1fb2eb3146b5f8ee047555fa5) Importer(815301076,1909f56bfc062723c751e8b465ee728b)
Start importing Assets/Sprites/Blocks_82.asset using Guid(6d4da4b1fb2eb3146b5f8ee047555fa5) Importer(815301076,1909f56bfc062723c751e8b465ee728b)  -> (artifact id: 'c2f76a8ea6cb025d821ea3f5dc289ec6') in 0.011607 seconds 
========================================================================
Received Import Request.
  Time since last request: 0.000017 seconds.
  path: Assets/Sprites/Blocks_94.asset
  artifactKey: Guid(bf67010612736514fb081a7ce03b41a4) Importer(815301076,1909f56bfc062723c751e8b465ee728b)
Start importing Assets/Sprites/Blocks_94.asset using Guid(bf67010612736514fb081a7ce03b41a4) Importer(815301076,1909f56bfc062723c751e8b465ee728b)  -> (artifact id: '508ec0b957d3486470e4736f28abc1bb') in 0.012063 seconds 
========================================================================
Received Import Request.
  Time since last request: 0.000023 seconds.
  path: Assets/Sprites/Blocks_87.asset
  artifactKey: Guid(fedbbe934c6abfb49bd9b78879d8fd9d) Importer(815301076,1909f56bfc062723c751e8b465ee728b)
Start importing Assets/Sprites/Blocks_87.asset using Guid(fedbbe934c6abfb49bd9b78879d8fd9d) Importer(815301076,1909f56bfc062723c751e8b465ee728b)  -> (artifact id: '46564080170c318f52d67a3cd4c231b2') in 0.011946 seconds 
========================================================================
Received Import Request.
  Time since last request: 0.000025 seconds.
  path: Assets/Sprites/Blocks_102.asset
  artifactKey: Guid(ded667654b198e34385192254ea599f8) Importer(815301076,1909f56bfc062723c751e8b465ee728b)
Start importing Assets/Sprites/Blocks_102.asset using Guid(ded667654b198e34385192254ea599f8) Importer(815301076,1909f56bfc062723c751e8b465ee728b)  -> (artifact id: 'af52ae64a0bc075075c90d6ee97da3a3') in 0.011135 seconds 
========================================================================
Received Import Request.
  Time since last request: 0.000013 seconds.
  path: Assets/Sprites/Blocks_108.asset
  artifactKey: Guid(c3af136e064f7524ebfdba3bb930d985) Importer(815301076,1909f56bfc062723c751e8b465ee728b)
Start importing Assets/Sprites/Blocks_108.asset using Guid(c3af136e064f7524ebfdba3bb930d985) Importer(815301076,1909f56bfc062723c751e8b465ee728b)  -> (artifact id: '08effc6874fe9dfc3c6ff68c925451e4') in 0.010364 seconds 
========================================================================
Received Import Request.
  Time since last request: 0.000014 seconds.
  path: Assets/Sprites/Blocks_119.asset
  artifactKey: Guid(87632adb6e1652b40b4ea8f0928c669c) Importer(815301076,1909f56bfc062723c751e8b465ee728b)
Start importing Assets/Sprites/Blocks_119.asset using Guid(87632adb6e1652b40b4ea8f0928c669c) Importer(815301076,1909f56bfc062723c751e8b465ee728b)  -> (artifact id: 'a88d8a2e489c52a0144310404c087b0b') in 0.010746 seconds 
========================================================================
Received Import Request.
  Time since last request: 0.000020 seconds.
  path: Assets/Sprites/Blocks_114.asset
  artifactKey: Guid(b3e6165762ad3f441ac66e72374530d2) Importer(815301076,1909f56bfc062723c751e8b465ee728b)
Start importing Assets/Sprites/Blocks_114.asset using Guid(b3e6165762ad3f441ac66e72374530d2) Importer(815301076,1909f56bfc062723c751e8b465ee728b)  -> (artifact id: 'fdb3446cb29b8f1338ef73fb8fa88dcf') in 0.011275 seconds 
========================================================================
Received Import Request.
  Time since last request: 0.000017 seconds.
  path: Assets/Sprites/Blocks_115.asset
  artifactKey: Guid(6d76c6af5c83bdb4282641842365a8cb) Importer(815301076,1909f56bfc062723c751e8b465ee728b)
Start importing Assets/Sprites/Blocks_115.asset using Guid(6d76c6af5c83bdb4282641842365a8cb) Importer(815301076,1909f56bfc062723c751e8b465ee728b)  -> (artifact id: '6da596d1f148d83896f216f21962ffdb') in 0.010360 seconds 
Editor requested this worker to shutdown with reason: Scaling down because of idle timeout
AssetImportWorker is now disconnected from the server
Process exiting
Exiting without the bug reporter. Application will terminate with return code 0