Using pre-set license
Built from '2021.3/staging' branch; Version is '2021.3.23f1 (213b516bf396) revision 2177873'; Using compiler version '192829333'; Build Type 'Release'
OS: 'Windows 10  (10.0.19045) 64bit Professional' Language: 'ru' Physical Memory: 32693 MB
BatchMode: 1, IsHumanControllingUs: 0, StartBugReporterOnCrash: 0, Is64bit: 1, IsPro: 1

COMMAND LINE ARGUMENTS:
C:\Program Files\Unity\Hub\Editor\2021.3.23f1\Editor\Unity.exe
-adb2
-batchMode
-noUpm
-name
AssetImportWorker2
-projectPath
C:/Users/notob/Documents/GitHub/SoloGame/Platformer
-logFile
Logs/AssetImportWorker2.log
-srvPort
50784
Successfully changed project path to: C:/Users/notob/Documents/GitHub/SoloGame/Platformer
C:/Users/notob/Documents/GitHub/SoloGame/Platformer
[UnityMemory] Configuration Parameters - Can be set up in boot.config
    "memorysetup-bucket-allocator-granularity=16"
    "memorysetup-bucket-allocator-bucket-count=8"
    "memorysetup-bucket-allocator-block-size=33554432"
    "memorysetup-bucket-allocator-block-count=8"
    "memorysetup-main-allocator-block-size=16777216"
    "memorysetup-thread-allocator-block-size=16777216"
    "memorysetup-gfx-main-allocator-block-size=16777216"
    "memorysetup-gfx-thread-allocator-block-size=16777216"
    "memorysetup-cache-allocator-block-size=4194304"
    "memorysetup-typetree-allocator-block-size=2097152"
    "memorysetup-profiler-bucket-allocator-granularity=16"
    "memorysetup-profiler-bucket-allocator-bucket-count=8"
    "memorysetup-profiler-bucket-allocator-block-size=33554432"
    "memorysetup-profiler-bucket-allocator-block-count=8"
    "memorysetup-profiler-allocator-block-size=16777216"
    "memorysetup-profiler-editor-allocator-block-size=1048576"
    "memorysetup-temp-allocator-size-main=16777216"
    "memorysetup-job-temp-allocator-block-size=2097152"
    "memorysetup-job-temp-allocator-block-size-background=1048576"
    "memorysetup-job-temp-allocator-reduction-small-platforms=262144"
    "memorysetup-temp-allocator-size-background-worker=32768"
    "memorysetup-temp-allocator-size-job-worker=262144"
    "memorysetup-temp-allocator-size-preload-manager=33554432"
    "memorysetup-temp-allocator-size-nav-mesh-worker=65536"
    "memorysetup-temp-allocator-size-audio-worker=65536"
    "memorysetup-temp-allocator-size-cloud-worker=32768"
    "memorysetup-temp-allocator-size-gi-baking-worker=262144"
    "memorysetup-temp-allocator-size-gfx=262144"
Player connection [29292] Host "[IP] 192.168.0.111 [Port] 0 [Flags] 2 [Guid] 2019555776 [EditorId] 2019555776 [Version] 1048832 [Id] WindowsEditor(7,DESKTOP-4LDGE9F) [Debug] 1 [PackageName] WindowsEditor [ProjectName] Editor" joined multi-casting on [225.0.0.222:54997]...

Player connection [29292] Host "[IP] 192.168.0.111 [Port] 0 [Flags] 2 [Guid] 2019555776 [EditorId] 2019555776 [Version] 1048832 [Id] WindowsEditor(7,DESKTOP-4LDGE9F) [Debug] 1 [PackageName] WindowsEditor [ProjectName] Editor" joined alternative multi-casting on [225.0.0.222:34997]...

Refreshing native plugins compatible for Editor in 77.70 ms, found 4 plugins.
Preloading 0 native plugins for Editor in 0.00 ms.
Initialize engine version: 2021.3.23f1 (213b516bf396)
[Subsystems] Discovering subsystems at path C:/Program Files/Unity/Hub/Editor/2021.3.23f1/Editor/Data/Resources/UnitySubsystems
[Subsystems] Discovering subsystems at path C:/Users/notob/Documents/GitHub/SoloGame/Platformer/Assets
GfxDevice: creating device client; threaded=0; jobified=0
Direct3D:
    Version:  Direct3D 11.0 [level 11.1]
    Renderer: NVIDIA GeForce RTX 3050 (ID=0x2507)
    Vendor:   NVIDIA
    VRAM:     8056 MB
    Driver:   31.0.15.3623
Initialize mono
Mono path[0] = 'C:/Program Files/Unity/Hub/Editor/2021.3.23f1/Editor/Data/Managed'
Mono path[1] = 'C:/Program Files/Unity/Hub/Editor/2021.3.23f1/Editor/Data/MonoBleedingEdge/lib/mono/unityjit-win32'
Mono config path = 'C:/Program Files/Unity/Hub/Editor/2021.3.23f1/Editor/Data/MonoBleedingEdge/etc'
Using monoOptions --debugger-agent=transport=dt_socket,embedding=1,server=y,suspend=n,address=127.0.0.1:56024
Begin MonoManager ReloadAssembly
Registering precompiled unity dll's ...
Register platform support module: C:/Program Files/Unity/Hub/Editor/2021.3.23f1/Editor/Data/PlaybackEngines/WebGLSupport/UnityEditor.WebGL.Extensions.dll
Register platform support module: C:/Program Files/Unity/Hub/Editor/2021.3.23f1/Editor/Data/PlaybackEngines/WindowsStandaloneSupport/UnityEditor.WindowsStandalone.Extensions.dll
Registered in 0.032362 seconds.
Native extension for WindowsStandalone target not found
Native extension for WebGL target not found
Refreshing native plugins compatible for Editor in 76.35 ms, found 4 plugins.
Preloading 0 native plugins for Editor in 0.00 ms.
Mono: successfully reloaded assembly
- Completed reload, in  0.726 seconds
Domain Reload Profiling:
	ReloadAssembly (727ms)
		BeginReloadAssembly (190ms)
			ExecutionOrderSort (0ms)
			DisableScriptedObjects (0ms)
			BackupInstance (0ms)
			ReleaseScriptingObjects (0ms)
			CreateAndSetChildDomain (1ms)
		EndReloadAssembly (395ms)
			LoadAssemblies (179ms)
			RebuildTransferFunctionScriptingTraits (0ms)
			SetupTypeCache (80ms)
			ReleaseScriptCaches (0ms)
			RebuildScriptCaches (19ms)
			SetupLoadedEditorAssemblies (232ms)
				LogAssemblyErrors (0ms)
				InitializePlatformSupportModulesInManaged (14ms)
				SetLoadedEditorAssemblies (0ms)
				RefreshPlugins (76ms)
				BeforeProcessingInitializeOnLoad (1ms)
				ProcessInitializeOnLoadAttributes (108ms)
				ProcessInitializeOnLoadMethodAttributes (33ms)
				AfterProcessingInitializeOnLoad (0ms)
				EditorAssembliesLoaded (0ms)
			ExecutionOrderSort2 (0ms)
			AwakeInstancesAfterBackupRestoration (0ms)
Platform modules already initialized, skipping
Registering precompiled user dll's ...
Registered in 0.013701 seconds.
Begin MonoManager ReloadAssembly
Symbol file LoadedFromMemory doesn't match image C:\Users\notob\Documents\GitHub\SoloGame\Platformer\Library\PackageCache\com.unity.visualscripting@1.8.0\Editor\VisualScripting.Core\Dependencies\YamlDotNet\Unity.VisualScripting.YamlDotNet.dll
Symbol file LoadedFromMemory doesn't match image C:\Users\notob\Documents\GitHub\SoloGame\Platformer\Library\PackageCache\com.unity.visualscripting@1.8.0\Editor\VisualScripting.Core\Dependencies\DotNetZip\Unity.VisualScripting.IonicZip.dll
Native extension for WindowsStandalone target not found
Native extension for WebGL target not found
Refreshing native plugins compatible for Editor in 68.02 ms, found 4 plugins.
Preloading 0 native plugins for Editor in 0.00 ms.
Mono: successfully reloaded assembly
- Completed reload, in  1.201 seconds
Domain Reload Profiling:
	ReloadAssembly (1202ms)
		BeginReloadAssembly (158ms)
			ExecutionOrderSort (0ms)
			DisableScriptedObjects (5ms)
			BackupInstance (0ms)
			ReleaseScriptingObjects (0ms)
			CreateAndSetChildDomain (16ms)
		EndReloadAssembly (939ms)
			LoadAssemblies (151ms)
			RebuildTransferFunctionScriptingTraits (0ms)
			SetupTypeCache (174ms)
			ReleaseScriptCaches (1ms)
			RebuildScriptCaches (42ms)
			SetupLoadedEditorAssemblies (561ms)
				LogAssemblyErrors (0ms)
				InitializePlatformSupportModulesInManaged (11ms)
				SetLoadedEditorAssemblies (0ms)
				RefreshPlugins (68ms)
				BeforeProcessingInitializeOnLoad (205ms)
				ProcessInitializeOnLoadAttributes (220ms)
				ProcessInitializeOnLoadMethodAttributes (29ms)
				AfterProcessingInitializeOnLoad (27ms)
				EditorAssembliesLoaded (0ms)
			ExecutionOrderSort2 (0ms)
			AwakeInstancesAfterBackupRestoration (6ms)
Platform modules already initialized, skipping
========================================================================
Worker process is ready to serve import requests
Launched and connected shader compiler UnityShaderCompiler.exe after 0.04 seconds
Refreshing native plugins compatible for Editor in 0.63 ms, found 4 plugins.
Preloading 0 native plugins for Editor in 0.00 ms.
Unloading 3733 Unused Serialized files (Serialized files now loaded: 0)
Unloading 41 unused Assets / (229.3 KB). Loaded Objects now: 4186.
Memory consumption went from 142.7 MB to 142.5 MB.
Total: 2.990800 ms (FindLiveObjects: 0.326500 ms CreateObjectMapping: 0.088600 ms MarkObjects: 2.424300 ms  DeleteObjects: 0.150200 ms)

AssetImportParameters requested are different than current active one (requested -> active):
  custom:video-decoder-ogg-theora: a1e56fd34408186e4bbccfd4996cb3dc -> 
  custom:container-muxer-webm: aa71ff27fc2769a1b78a27578f13a17b -> 
  custom:container-demuxer-webm: 4f35f7cbe854078d1ac9338744f61a02 -> 
  custom:video-encoder-webm-vp8: eb34c28f22e8b96e1ab97ce403110664 -> 
  custom:audio-encoder-webm-vorbis: bf7c407c2cedff20999df2af8eb42d56 -> 
  custom:framework-win-MediaFoundation: 216162199b28c13a410421893ffa2e32 -> 
  custom:container-demuxer-ogg: 62fdf1f143b41e24485cea50d1cbac27 -> 
  custom:video-decoder-webm-vp8: 9c59270c3fd7afecdb556c50c9e8de78 -> 
  custom:audio-decoder-ogg-vorbis: bf7c407c2cedff20999df2af8eb42d56 -> 
========================================================================
Received Import Request.
  Time since last request: 40287.399294 seconds.
  path: Assets/Sprites/New Folder/NUTS/BLUE_NUT2.png
  artifactKey: Guid(39f5977ca39b65c4aae4f635ac5193b1) Importer(815301076,1909f56bfc062723c751e8b465ee728b)
Start importing Assets/Sprites/New Folder/NUTS/BLUE_NUT2.png using Guid(39f5977ca39b65c4aae4f635ac5193b1) Importer(815301076,1909f56bfc062723c751e8b465ee728b)  -> (artifact id: '12e70d4eaec6b346fb4bf70c18b47252') in 0.121312 seconds 
========================================================================
Received Import Request.
  Time since last request: 1.884797 seconds.
  path: Assets/Sprites/New Folder/SEELE/SEELE 2.png
  artifactKey: Guid(7a398955cfbe3b64bbfdda0257da97eb) Importer(815301076,1909f56bfc062723c751e8b465ee728b)
Start importing Assets/Sprites/New Folder/SEELE/SEELE 2.png using Guid(7a398955cfbe3b64bbfdda0257da97eb) Importer(815301076,1909f56bfc062723c751e8b465ee728b)  -> (artifact id: '1e9ff53e406819869bbf3184a9044f83') in 0.016420 seconds 
========================================================================
Received Import Request.
  Time since last request: 0.000016 seconds.
  path: Assets/Sprites/New Folder/SEELE/seeledrive6.png
  artifactKey: Guid(c5a93db8c69e87245bbf07ef3b44b408) Importer(815301076,1909f56bfc062723c751e8b465ee728b)
Start importing Assets/Sprites/New Folder/SEELE/seeledrive6.png using Guid(c5a93db8c69e87245bbf07ef3b44b408) Importer(815301076,1909f56bfc062723c751e8b465ee728b)  -> (artifact id: 'f23dec682cc74d4dcb5c98a8ea03e08a') in 0.016084 seconds 
========================================================================
Received Import Request.
  Time since last request: 0.000018 seconds.
  path: Assets/Sprites/New Folder/SEELE/seeledrive5.png
  artifactKey: Guid(f7dd636b8864d1840b057dfa478ea9ea) Importer(815301076,1909f56bfc062723c751e8b465ee728b)
Start importing Assets/Sprites/New Folder/SEELE/seeledrive5.png using Guid(f7dd636b8864d1840b057dfa478ea9ea) Importer(815301076,1909f56bfc062723c751e8b465ee728b)  -> (artifact id: '3dced835cf1a6bbdfcb8a867b5c0ddca') in 0.016815 seconds 
========================================================================
Received Import Request.
  Time since last request: 0.000014 seconds.
  path: Assets/Sprites/New Folder/SEELE/SEELE 10.png
  artifactKey: Guid(1d8a1dd0d78c2334195526cc473bec7c) Importer(815301076,1909f56bfc062723c751e8b465ee728b)
Start importing Assets/Sprites/New Folder/SEELE/SEELE 10.png using Guid(1d8a1dd0d78c2334195526cc473bec7c) Importer(815301076,1909f56bfc062723c751e8b465ee728b)  -> (artifact id: '6ea4415db329a9319134d6baf529a1a2') in 0.012203 seconds 
========================================================================
Received Import Request.
  Time since last request: 0.000015 seconds.
  path: Assets/Sprites/New Folder/SEELE/SEELE 18.png
  artifactKey: Guid(586cd5a3a566ba94d86d271a3d8634ea) Importer(815301076,1909f56bfc062723c751e8b465ee728b)
Start importing Assets/Sprites/New Folder/SEELE/SEELE 18.png using Guid(586cd5a3a566ba94d86d271a3d8634ea) Importer(815301076,1909f56bfc062723c751e8b465ee728b)  -> (artifact id: '01a20a74761f7086ae8b082ceafa6af1') in 0.012970 seconds 
========================================================================
Received Import Request.
  Time since last request: 0.000015 seconds.
  path: Assets/Sprites/New Folder/SEELE/SEELE 26.png
  artifactKey: Guid(ee4ffe2c0600c7944abeae73c1c9977d) Importer(815301076,1909f56bfc062723c751e8b465ee728b)
Start importing Assets/Sprites/New Folder/SEELE/SEELE 26.png using Guid(ee4ffe2c0600c7944abeae73c1c9977d) Importer(815301076,1909f56bfc062723c751e8b465ee728b)  -> (artifact id: '7d6b6c20707eb572a5e9ab4671ff0e7e') in 0.010981 seconds 
========================================================================
Received Import Request.
  Time since last request: 2.367998 seconds.
  path: Assets/Sprites/New Folder/DECOR LEVEL)/КОСТЯШКИ УЕБАШКИ/ГРУДНАЯ.png
  artifactKey: Guid(464fbbae48022be45bb0436917596a74) Importer(815301076,1909f56bfc062723c751e8b465ee728b)
Start importing Assets/Sprites/New Folder/DECOR LEVEL)/КОСТЯШКИ УЕБАШКИ/ГРУДНАЯ.png using Guid(464fbbae48022be45bb0436917596a74) Importer(815301076,1909f56bfc062723c751e8b465ee728b)  -> (artifact id: '9fc020fd19f60b61c0c0ad2f3d95a0e0') in 0.016316 seconds 
========================================================================
Received Import Request.
  Time since last request: 0.000014 seconds.
  path: Assets/Sprites/New Folder/DECOR LEVEL)/КОСТЯШКИ УЕБАШКИ/ТАЗ.png
  artifactKey: Guid(b52387a19eb611543acd01bf28dd1d52) Importer(815301076,1909f56bfc062723c751e8b465ee728b)
Start importing Assets/Sprites/New Folder/DECOR LEVEL)/КОСТЯШКИ УЕБАШКИ/ТАЗ.png using Guid(b52387a19eb611543acd01bf28dd1d52) Importer(815301076,1909f56bfc062723c751e8b465ee728b)  -> (artifact id: '86fc5f34f0ac7e1b1786ca384da9e25c') in 0.028463 seconds 
Editor requested this worker to shutdown with reason: Scaling down because of idle timeout
AssetImportWorker is now disconnected from the server
Process exiting
Exiting without the bug reporter. Application will terminate with return code 0